INFO random seed: 0
INFO train-epoches: 1, time: 7.9658, loss: 26.2305, learning_rate: 0.010000
INFO val-epoches: 1, val_min_loss: 675.8683, val_loss: 675.8683, best_srocc: 0.0000
INFO val-epoches: 1, PLCC: 0.6236, SROCC: 0.6133, KROCC: 0.4404, RMSE: 21.2116
INFO test-epoches: 1, PLCC: 0.7007, SROCC: 0.7433, KROCC: 0.5568, RMSE: 20.0702
INFO The best srocc is: 0.7433
INFO train-epoches: 2, time: 7.7859, loss: 5.0920, learning_rate: 0.010000
INFO val-epoches: 2, val_min_loss: 261.1254, val_loss: 261.1254, best_srocc: 0.7433
INFO val-epoches: 2, PLCC: 0.7334, SROCC: 0.7166, KROCC: 0.5246, RMSE: 11.8454
INFO test-epoches: 2, PLCC: 0.7651, SROCC: 0.7493, KROCC: 0.5515, RMSE: 11.5206
INFO The best srocc is: 0.7493
INFO train-epoches: 3, time: 7.6636, loss: 4.2149, learning_rate: 0.010000
INFO val-epoches: 3, val_min_loss: 128.3419, val_loss: 128.3419, best_srocc: 0.7493
INFO val-epoches: 3, PLCC: 0.7811, SROCC: 0.7399, KROCC: 0.5542, RMSE: 9.2409
INFO test-epoches: 3, PLCC: 0.8980, SROCC: 0.8803, KROCC: 0.7068, RMSE: 6.7747
INFO The best srocc is: 0.8803
INFO train-epoches: 4, time: 7.7100, loss: 2.5958, learning_rate: 0.010000
INFO val-epoches: 4, val_min_loss: 110.5721, val_loss: 110.5721, best_srocc: 0.8803
INFO val-epoches: 4, PLCC: 0.8341, SROCC: 0.8073, KROCC: 0.6223, RMSE: 8.1925
INFO test-epoches: 4, PLCC: 0.9009, SROCC: 0.8971, KROCC: 0.7249, RMSE: 8.2904
INFO The best srocc is: 0.8971
INFO train-epoches: 5, time: 7.5907, loss: 2.7941, learning_rate: 0.010000
INFO val-epoches: 5, val_min_loss: 110.5721, val_loss: 144.7889, best_srocc: 0.8971
INFO val-epoches: 5, PLCC: 0.8153, SROCC: 0.7945, KROCC: 0.6073, RMSE: 11.5144
INFO test-epoches: 5, PLCC: 0.9044, SROCC: 0.8974, KROCC: 0.7233, RMSE: 12.2548
INFO The best srocc is: 0.8974
INFO train-epoches: 6, time: 7.8687, loss: 2.2592, learning_rate: 0.010000
INFO val-epoches: 6, val_min_loss: 101.0896, val_loss: 101.0896, best_srocc: 0.8974
INFO val-epoches: 6, PLCC: 0.8200, SROCC: 0.7905, KROCC: 0.6005, RMSE: 8.5017
INFO test-epoches: 6, PLCC: 0.9124, SROCC: 0.9025, KROCC: 0.7343, RMSE: 8.0873
INFO The best srocc is: 0.9025
INFO train-epoches: 7, time: 7.7952, loss: 3.7980, learning_rate: 0.010000
INFO val-epoches: 7, val_min_loss: 101.0896, val_loss: 257.5367, best_srocc: 0.9025
INFO val-epoches: 7, PLCC: 0.8107, SROCC: 0.7983, KROCC: 0.6071, RMSE: 15.0090
INFO test-epoches: 7, PLCC: 0.9090, SROCC: 0.9125, KROCC: 0.7421, RMSE: 10.4058
INFO The best srocc is: 0.9125
INFO train-epoches: 8, time: 7.7203, loss: 4.6968, learning_rate: 0.010000
INFO val-epoches: 8, val_min_loss: 101.0896, val_loss: 160.7244, best_srocc: 0.9125
INFO val-epoches: 8, PLCC: 0.8314, SROCC: 0.8154, KROCC: 0.6272, RMSE: 11.8265
INFO test-epoches: 8, PLCC: 0.9136, SROCC: 0.9206, KROCC: 0.7563, RMSE: 12.6711
INFO The best srocc is: 0.9206
INFO train-epoches: 9, time: 7.2978, loss: 2.5963, learning_rate: 0.010000
INFO val-epoches: 9, val_min_loss: 100.1448, val_loss: 100.1448, best_srocc: 0.9206
INFO val-epoches: 9, PLCC: 0.8484, SROCC: 0.8307, KROCC: 0.6499, RMSE: 8.8468
INFO test-epoches: 9, PLCC: 0.9231, SROCC: 0.9237, KROCC: 0.7626, RMSE: 9.8727
INFO The best srocc is: 0.9237
INFO train-epoches: 10, time: 7.5066, loss: 2.0724, learning_rate: 0.010000
INFO val-epoches: 10, val_min_loss: 100.1448, val_loss: 104.8236, best_srocc: 0.9237
INFO val-epoches: 10, PLCC: 0.8557, SROCC: 0.8440, KROCC: 0.6655, RMSE: 8.4315
INFO test-epoches: 10, PLCC: 0.9233, SROCC: 0.9211, KROCC: 0.7559, RMSE: 5.8879
INFO train-epoches: 11, time: 7.4701, loss: 2.0380, learning_rate: 0.001000
INFO val-epoches: 11, val_min_loss: 100.1152, val_loss: 100.1152, best_srocc: 0.9237
INFO val-epoches: 11, PLCC: 0.8672, SROCC: 0.8513, KROCC: 0.6745, RMSE: 8.6788
INFO test-epoches: 11, PLCC: 0.9318, SROCC: 0.9227, KROCC: 0.7605, RMSE: 5.5620
INFO train-epoches: 12, time: 7.5737, loss: 1.6435, learning_rate: 0.001000
INFO val-epoches: 12, val_min_loss: 71.6153, val_loss: 71.6153, best_srocc: 0.9237
INFO val-epoches: 12, PLCC: 0.8700, SROCC: 0.8508, KROCC: 0.6725, RMSE: 7.2506
INFO test-epoches: 12, PLCC: 0.9346, SROCC: 0.9249, KROCC: 0.7646, RMSE: 6.4774
INFO The best srocc is: 0.9249
INFO train-epoches: 13, time: 7.9855, loss: 1.3665, learning_rate: 0.001000
INFO val-epoches: 13, val_min_loss: 71.6153, val_loss: 74.3230, best_srocc: 0.9249
INFO val-epoches: 13, PLCC: 0.8668, SROCC: 0.8474, KROCC: 0.6671, RMSE: 7.3688
INFO test-epoches: 13, PLCC: 0.9327, SROCC: 0.9215, KROCC: 0.7593, RMSE: 5.7810
INFO train-epoches: 14, time: 7.3620, loss: 1.4721, learning_rate: 0.001000
INFO val-epoches: 14, val_min_loss: 71.6153, val_loss: 97.7614, best_srocc: 0.9249
INFO val-epoches: 14, PLCC: 0.8699, SROCC: 0.8510, KROCC: 0.6726, RMSE: 8.6480
INFO test-epoches: 14, PLCC: 0.9341, SROCC: 0.9240, KROCC: 0.7621, RMSE: 5.5187
INFO train-epoches: 15, time: 8.0204, loss: 1.4732, learning_rate: 0.001000
INFO val-epoches: 15, val_min_loss: 71.6153, val_loss: 86.2105, best_srocc: 0.9249
INFO val-epoches: 15, PLCC: 0.8692, SROCC: 0.8519, KROCC: 0.6749, RMSE: 8.0160
INFO test-epoches: 15, PLCC: 0.9337, SROCC: 0.9224, KROCC: 0.7589, RMSE: 5.3569
INFO train-epoches: 16, time: 7.7523, loss: 1.3342, learning_rate: 0.001000
INFO val-epoches: 16, val_min_loss: 71.6153, val_loss: 74.8262, best_srocc: 0.9249
INFO val-epoches: 16, PLCC: 0.8679, SROCC: 0.8485, KROCC: 0.6698, RMSE: 7.3222
INFO test-epoches: 16, PLCC: 0.9332, SROCC: 0.9231, KROCC: 0.7603, RMSE: 5.5721
INFO train-epoches: 17, time: 7.6461, loss: 1.1440, learning_rate: 0.001000
INFO val-epoches: 17, val_min_loss: 71.6153, val_loss: 76.1629, best_srocc: 0.9249
INFO val-epoches: 17, PLCC: 0.8630, SROCC: 0.8424, KROCC: 0.6615, RMSE: 7.3529
INFO test-epoches: 17, PLCC: 0.9335, SROCC: 0.9216, KROCC: 0.7591, RMSE: 5.6518
INFO train-epoches: 18, time: 7.6767, loss: 1.3670, learning_rate: 0.001000
INFO val-epoches: 18, val_min_loss: 71.6153, val_loss: 74.7845, best_srocc: 0.9249
INFO val-epoches: 18, PLCC: 0.8651, SROCC: 0.8496, KROCC: 0.6714, RMSE: 7.1986
INFO test-epoches: 18, PLCC: 0.9330, SROCC: 0.9255, KROCC: 0.7636, RMSE: 5.7715
INFO The best srocc is: 0.9255
INFO train-epoches: 19, time: 7.3225, loss: 1.1580, learning_rate: 0.001000
INFO val-epoches: 19, val_min_loss: 71.6153, val_loss: 84.1039, best_srocc: 0.9255
INFO val-epoches: 19, PLCC: 0.8670, SROCC: 0.8505, KROCC: 0.6724, RMSE: 7.9264
INFO test-epoches: 19, PLCC: 0.9356, SROCC: 0.9258, KROCC: 0.7657, RMSE: 5.2957
INFO The best srocc is: 0.9258
INFO train-epoches: 20, time: 7.6303, loss: 1.1360, learning_rate: 0.001000
INFO val-epoches: 20, val_min_loss: 71.6153, val_loss: 82.3687, best_srocc: 0.9258
INFO val-epoches: 20, PLCC: 0.8640, SROCC: 0.8457, KROCC: 0.6659, RMSE: 7.7006
INFO test-epoches: 20, PLCC: 0.9363, SROCC: 0.9247, KROCC: 0.7644, RMSE: 5.2837
INFO train-epoches: 21, time: 9.9814, loss: 1.3420, learning_rate: 0.000100
INFO val-epoches: 21, val_min_loss: 71.6153, val_loss: 83.0870, best_srocc: 0.9258
INFO val-epoches: 21, PLCC: 0.8685, SROCC: 0.8517, KROCC: 0.6706, RMSE: 7.7453
INFO test-epoches: 21, PLCC: 0.9364, SROCC: 0.9282, KROCC: 0.7690, RMSE: 5.3477
INFO The best srocc is: 0.9282
INFO train-epoches: 22, time: 9.9376, loss: 1.2020, learning_rate: 0.000100
INFO val-epoches: 22, val_min_loss: 71.6153, val_loss: 84.9005, best_srocc: 0.9282
INFO val-epoches: 22, PLCC: 0.8554, SROCC: 0.8388, KROCC: 0.6612, RMSE: 8.0402
INFO test-epoches: 22, PLCC: 0.9372, SROCC: 0.9259, KROCC: 0.7643, RMSE: 5.1440
INFO train-epoches: 23, time: 9.5985, loss: 1.0710, learning_rate: 0.000100
INFO val-epoches: 23, val_min_loss: 71.6153, val_loss: 73.5895, best_srocc: 0.9282
INFO val-epoches: 23, PLCC: 0.8729, SROCC: 0.8562, KROCC: 0.6764, RMSE: 7.2590
INFO test-epoches: 23, PLCC: 0.9417, SROCC: 0.9343, KROCC: 0.7818, RMSE: 5.2295
INFO The best srocc is: 0.9343
INFO train-epoches: 24, time: 9.7300, loss: 1.2025, learning_rate: 0.000100
INFO val-epoches: 24, val_min_loss: 71.6153, val_loss: 76.8108, best_srocc: 0.9343
INFO val-epoches: 24, PLCC: 0.8745, SROCC: 0.8591, KROCC: 0.6819, RMSE: 7.4508
INFO test-epoches: 24, PLCC: 0.9375, SROCC: 0.9295, KROCC: 0.7730, RMSE: 5.2172
INFO train-epoches: 25, time: 9.6651, loss: 1.1091, learning_rate: 0.000100
INFO val-epoches: 25, val_min_loss: 71.6153, val_loss: 77.5059, best_srocc: 0.9343
INFO val-epoches: 25, PLCC: 0.8717, SROCC: 0.8549, KROCC: 0.6768, RMSE: 7.6098
INFO test-epoches: 25, PLCC: 0.9315, SROCC: 0.9212, KROCC: 0.7573, RMSE: 5.4061
INFO train-epoches: 26, time: 9.6149, loss: 1.0837, learning_rate: 0.000100
INFO val-epoches: 26, val_min_loss: 71.6153, val_loss: 73.2137, best_srocc: 0.9343
INFO val-epoches: 26, PLCC: 0.8701, SROCC: 0.8528, KROCC: 0.6767, RMSE: 7.3665
INFO test-epoches: 26, PLCC: 0.9358, SROCC: 0.9290, KROCC: 0.7727, RMSE: 5.3669
INFO train-epoches: 27, time: 10.0964, loss: 1.2911, learning_rate: 0.000100
INFO val-epoches: 27, val_min_loss: 71.6153, val_loss: 77.6049, best_srocc: 0.9343
INFO val-epoches: 27, PLCC: 0.8718, SROCC: 0.8577, KROCC: 0.6778, RMSE: 7.7913
INFO test-epoches: 27, PLCC: 0.9302, SROCC: 0.9195, KROCC: 0.7537, RMSE: 5.4846
INFO train-epoches: 28, time: 9.8372, loss: 1.1527, learning_rate: 0.000100
INFO val-epoches: 28, val_min_loss: 70.9508, val_loss: 70.9508, best_srocc: 0.9343
INFO val-epoches: 28, PLCC: 0.8785, SROCC: 0.8631, KROCC: 0.6852, RMSE: 7.2635
INFO test-epoches: 28, PLCC: 0.9362, SROCC: 0.9280, KROCC: 0.7690, RMSE: 5.3543
INFO train-epoches: 29, time: 9.7935, loss: 1.1124, learning_rate: 0.000100
INFO val-epoches: 29, val_min_loss: 70.1977, val_loss: 70.1977, best_srocc: 0.9343
INFO val-epoches: 29, PLCC: 0.8777, SROCC: 0.8618, KROCC: 0.6844, RMSE: 7.2808
INFO test-epoches: 29, PLCC: 0.9359, SROCC: 0.9257, KROCC: 0.7657, RMSE: 5.3606
INFO train-epoches: 30, time: 10.0395, loss: 1.2507, learning_rate: 0.000100
INFO val-epoches: 30, val_min_loss: 70.1977, val_loss: 70.3670, best_srocc: 0.9343
INFO val-epoches: 30, PLCC: 0.8828, SROCC: 0.8689, KROCC: 0.6934, RMSE: 7.2793
INFO test-epoches: 30, PLCC: 0.9375, SROCC: 0.9281, KROCC: 0.7687, RMSE: 5.2660
INFO train-epoches: 31, time: 10.0711, loss: 1.0970, learning_rate: 0.000100
INFO val-epoches: 31, val_min_loss: 67.9713, val_loss: 67.9713, best_srocc: 0.9343
INFO val-epoches: 31, PLCC: 0.8768, SROCC: 0.8619, KROCC: 0.6821, RMSE: 6.9691
INFO test-epoches: 31, PLCC: 0.9387, SROCC: 0.9346, KROCC: 0.7815, RMSE: 5.4552
INFO The best srocc is: 0.9346
INFO train-epoches: 32, time: 10.1301, loss: 1.1559, learning_rate: 0.000100
INFO val-epoches: 32, val_min_loss: 67.9713, val_loss: 74.2227, best_srocc: 0.9346
INFO val-epoches: 32, PLCC: 0.8735, SROCC: 0.8605, KROCC: 0.6779, RMSE: 7.1826
INFO test-epoches: 32, PLCC: 0.9343, SROCC: 0.9238, KROCC: 0.7622, RMSE: 5.5850
INFO train-epoches: 33, time: 9.7520, loss: 1.1251, learning_rate: 0.000100
INFO val-epoches: 33, val_min_loss: 67.9713, val_loss: 71.1103, best_srocc: 0.9346
INFO val-epoches: 33, PLCC: 0.8777, SROCC: 0.8652, KROCC: 0.6859, RMSE: 7.2151
INFO test-epoches: 33, PLCC: 0.9373, SROCC: 0.9270, KROCC: 0.7651, RMSE: 5.2576
INFO train-epoches: 34, time: 10.2061, loss: 0.9054, learning_rate: 0.000100
INFO val-epoches: 34, val_min_loss: 67.9713, val_loss: 74.5947, best_srocc: 0.9346
INFO val-epoches: 34, PLCC: 0.8695, SROCC: 0.8557, KROCC: 0.6730, RMSE: 7.4799
INFO test-epoches: 34, PLCC: 0.9418, SROCC: 0.9349, KROCC: 0.7790, RMSE: 5.1018
INFO The best srocc is: 0.9349
INFO train-epoches: 35, time: 10.2084, loss: 1.0236, learning_rate: 0.000100
INFO val-epoches: 35, val_min_loss: 67.9713, val_loss: 74.5369, best_srocc: 0.9349
INFO val-epoches: 35, PLCC: 0.8743, SROCC: 0.8660, KROCC: 0.6863, RMSE: 7.4501
INFO test-epoches: 35, PLCC: 0.9386, SROCC: 0.9298, KROCC: 0.7691, RMSE: 5.2017
INFO train-epoches: 36, time: 9.8787, loss: 1.3968, learning_rate: 0.000100
INFO val-epoches: 36, val_min_loss: 67.9713, val_loss: 79.9889, best_srocc: 0.9349
INFO val-epoches: 36, PLCC: 0.8663, SROCC: 0.8539, KROCC: 0.6691, RMSE: 7.7608
INFO test-epoches: 36, PLCC: 0.9384, SROCC: 0.9275, KROCC: 0.7675, RMSE: 5.2079
INFO train-epoches: 37, time: 9.7450, loss: 0.9723, learning_rate: 0.000100
INFO val-epoches: 37, val_min_loss: 67.9713, val_loss: 74.1421, best_srocc: 0.9349
INFO val-epoches: 37, PLCC: 0.8780, SROCC: 0.8647, KROCC: 0.6849, RMSE: 7.3595
INFO test-epoches: 37, PLCC: 0.9406, SROCC: 0.9316, KROCC: 0.7762, RMSE: 5.3994
INFO train-epoches: 38, time: 10.2297, loss: 0.9891, learning_rate: 0.000100
INFO val-epoches: 38, val_min_loss: 67.9713, val_loss: 75.1100, best_srocc: 0.9349
INFO val-epoches: 38, PLCC: 0.8687, SROCC: 0.8544, KROCC: 0.6736, RMSE: 7.4629
INFO test-epoches: 38, PLCC: 0.9441, SROCC: 0.9355, KROCC: 0.7838, RMSE: 5.1911
INFO The best srocc is: 0.9355
INFO train-epoches: 39, time: 10.1497, loss: 0.9993, learning_rate: 0.000100
INFO val-epoches: 39, val_min_loss: 67.9713, val_loss: 72.2811, best_srocc: 0.9355
INFO val-epoches: 39, PLCC: 0.8869, SROCC: 0.8774, KROCC: 0.7011, RMSE: 7.2764
INFO test-epoches: 39, PLCC: 0.9390, SROCC: 0.9280, KROCC: 0.7672, RMSE: 5.3082
INFO train-epoches: 40, time: 9.9597, loss: 0.8742, learning_rate: 0.000100
INFO val-epoches: 40, val_min_loss: 67.9713, val_loss: 69.8567, best_srocc: 0.9355
INFO val-epoches: 40, PLCC: 0.8849, SROCC: 0.8737, KROCC: 0.6965, RMSE: 7.1930
INFO test-epoches: 40, PLCC: 0.9371, SROCC: 0.9284, KROCC: 0.7686, RMSE: 5.3955
INFO train-epoches: 41, time: 9.7463, loss: 0.8538, learning_rate: 0.000010
INFO val-epoches: 41, val_min_loss: 67.9713, val_loss: 68.6352, best_srocc: 0.9355
INFO val-epoches: 41, PLCC: 0.8849, SROCC: 0.8749, KROCC: 0.6964, RMSE: 7.0375
INFO test-epoches: 41, PLCC: 0.9376, SROCC: 0.9291, KROCC: 0.7694, RMSE: 5.3663
INFO train-epoches: 42, time: 10.7167, loss: 1.0108, learning_rate: 0.000010
INFO val-epoches: 42, val_min_loss: 66.8498, val_loss: 66.8498, best_srocc: 0.9355
INFO val-epoches: 42, PLCC: 0.8863, SROCC: 0.8771, KROCC: 0.6996, RMSE: 6.9103
INFO test-epoches: 42, PLCC: 0.9377, SROCC: 0.9292, KROCC: 0.7685, RMSE: 5.5210
INFO train-epoches: 43, time: 9.9459, loss: 1.0612, learning_rate: 0.000010
INFO val-epoches: 43, val_min_loss: 66.8498, val_loss: 72.1754, best_srocc: 0.9355
INFO val-epoches: 43, PLCC: 0.8819, SROCC: 0.8725, KROCC: 0.6939, RMSE: 7.2600
INFO test-epoches: 43, PLCC: 0.9372, SROCC: 0.9274, KROCC: 0.7663, RMSE: 5.2380
INFO train-epoches: 44, time: 10.0484, loss: 0.9227, learning_rate: 0.000010
INFO val-epoches: 44, val_min_loss: 66.8498, val_loss: 70.9772, best_srocc: 0.9355
INFO val-epoches: 44, PLCC: 0.8840, SROCC: 0.8746, KROCC: 0.6964, RMSE: 7.2058
INFO test-epoches: 44, PLCC: 0.9380, SROCC: 0.9296, KROCC: 0.7707, RMSE: 5.2536
INFO train-epoches: 45, time: 9.6947, loss: 0.8624, learning_rate: 0.000010
INFO val-epoches: 45, val_min_loss: 66.8498, val_loss: 69.9238, best_srocc: 0.9355
INFO val-epoches: 45, PLCC: 0.8841, SROCC: 0.8735, KROCC: 0.6951, RMSE: 7.1590
INFO test-epoches: 45, PLCC: 0.9386, SROCC: 0.9298, KROCC: 0.7711, RMSE: 5.2749
INFO train-epoches: 46, time: 9.8485, loss: 0.9695, learning_rate: 0.000010
INFO val-epoches: 46, val_min_loss: 66.8498, val_loss: 70.4648, best_srocc: 0.9355
INFO val-epoches: 46, PLCC: 0.8865, SROCC: 0.8784, KROCC: 0.7018, RMSE: 7.1984
INFO test-epoches: 46, PLCC: 0.9381, SROCC: 0.9292, KROCC: 0.7686, RMSE: 5.2543
INFO train-epoches: 47, time: 9.7206, loss: 0.8465, learning_rate: 0.000010
INFO val-epoches: 47, val_min_loss: 66.8498, val_loss: 67.3149, best_srocc: 0.9355
INFO val-epoches: 47, PLCC: 0.8878, SROCC: 0.8781, KROCC: 0.7014, RMSE: 6.9553
INFO test-epoches: 47, PLCC: 0.9389, SROCC: 0.9305, KROCC: 0.7710, RMSE: 5.3455
INFO train-epoches: 48, time: 9.7292, loss: 0.7661, learning_rate: 0.000010
INFO val-epoches: 48, val_min_loss: 66.8498, val_loss: 68.7889, best_srocc: 0.9355
INFO val-epoches: 48, PLCC: 0.8863, SROCC: 0.8758, KROCC: 0.6990, RMSE: 7.0950
INFO test-epoches: 48, PLCC: 0.9387, SROCC: 0.9287, KROCC: 0.7690, RMSE: 5.2760
INFO train-epoches: 49, time: 10.0744, loss: 0.8994, learning_rate: 0.000010
INFO val-epoches: 49, val_min_loss: 66.8498, val_loss: 66.9625, best_srocc: 0.9355
INFO val-epoches: 49, PLCC: 0.8859, SROCC: 0.8769, KROCC: 0.6987, RMSE: 6.9243
INFO test-epoches: 49, PLCC: 0.9383, SROCC: 0.9302, KROCC: 0.7709, RMSE: 5.4301
INFO train-epoches: 50, time: 9.8103, loss: 0.9596, learning_rate: 0.000010
INFO val-epoches: 50, val_min_loss: 66.8498, val_loss: 68.2250, best_srocc: 0.9355
INFO val-epoches: 50, PLCC: 0.8863, SROCC: 0.8760, KROCC: 0.6982, RMSE: 7.0287
INFO test-epoches: 50, PLCC: 0.9383, SROCC: 0.9289, KROCC: 0.7692, RMSE: 5.3834
INFO train-epoches: 51, time: 9.8113, loss: 1.0093, learning_rate: 0.000010
INFO val-epoches: 51, val_min_loss: 66.8498, val_loss: 72.8057, best_srocc: 0.9355
INFO val-epoches: 51, PLCC: 0.8848, SROCC: 0.8740, KROCC: 0.6961, RMSE: 7.3883
INFO test-epoches: 51, PLCC: 0.9396, SROCC: 0.9310, KROCC: 0.7725, RMSE: 5.1451
INFO train-epoches: 52, time: 9.9869, loss: 0.8644, learning_rate: 0.000010
INFO val-epoches: 52, val_min_loss: 66.6680, val_loss: 66.6680, best_srocc: 0.9355
INFO val-epoches: 52, PLCC: 0.8864, SROCC: 0.8779, KROCC: 0.7012, RMSE: 6.9237
INFO test-epoches: 52, PLCC: 0.9388, SROCC: 0.9313, KROCC: 0.7726, RMSE: 5.4549
INFO train-epoches: 53, time: 9.9327, loss: 1.0767, learning_rate: 0.000010
INFO val-epoches: 53, val_min_loss: 66.6680, val_loss: 68.4125, best_srocc: 0.9355
INFO val-epoches: 53, PLCC: 0.8856, SROCC: 0.8776, KROCC: 0.7002, RMSE: 7.0784
INFO test-epoches: 53, PLCC: 0.9391, SROCC: 0.9312, KROCC: 0.7723, RMSE: 5.3112
INFO train-epoches: 54, time: 9.7315, loss: 0.8242, learning_rate: 0.000010
INFO val-epoches: 54, val_min_loss: 66.6680, val_loss: 70.6413, best_srocc: 0.9355
INFO val-epoches: 54, PLCC: 0.8876, SROCC: 0.8786, KROCC: 0.7021, RMSE: 7.2240
INFO test-epoches: 54, PLCC: 0.9410, SROCC: 0.9318, KROCC: 0.7749, RMSE: 5.1412
INFO train-epoches: 55, time: 9.7044, loss: 0.9012, learning_rate: 0.000010
INFO val-epoches: 55, val_min_loss: 66.6680, val_loss: 71.5770, best_srocc: 0.9355
INFO val-epoches: 55, PLCC: 0.8882, SROCC: 0.8781, KROCC: 0.7013, RMSE: 7.2660
INFO test-epoches: 55, PLCC: 0.9408, SROCC: 0.9322, KROCC: 0.7740, RMSE: 5.1085
INFO train-epoches: 56, time: 9.8635, loss: 0.7989, learning_rate: 0.000010
INFO val-epoches: 56, val_min_loss: 66.6680, val_loss: 69.1715, best_srocc: 0.9355
INFO val-epoches: 56, PLCC: 0.8843, SROCC: 0.8729, KROCC: 0.6946, RMSE: 7.1385
INFO test-epoches: 56, PLCC: 0.9388, SROCC: 0.9300, KROCC: 0.7705, RMSE: 5.3067
INFO train-epoches: 57, time: 9.8878, loss: 0.9362, learning_rate: 0.000010
INFO val-epoches: 57, val_min_loss: 66.6680, val_loss: 68.2710, best_srocc: 0.9355
INFO val-epoches: 57, PLCC: 0.8856, SROCC: 0.8740, KROCC: 0.6980, RMSE: 7.0777
INFO test-epoches: 57, PLCC: 0.9403, SROCC: 0.9315, KROCC: 0.7737, RMSE: 5.2979
INFO train-epoches: 58, time: 9.8467, loss: 0.8363, learning_rate: 0.000010
INFO val-epoches: 58, val_min_loss: 66.6680, val_loss: 70.6209, best_srocc: 0.9355
INFO val-epoches: 58, PLCC: 0.8853, SROCC: 0.8737, KROCC: 0.6958, RMSE: 7.2547
INFO test-epoches: 58, PLCC: 0.9408, SROCC: 0.9323, KROCC: 0.7746, RMSE: 5.1410
INFO train-epoches: 59, time: 10.0091, loss: 0.9501, learning_rate: 0.000010
INFO val-epoches: 59, val_min_loss: 66.6680, val_loss: 69.4427, best_srocc: 0.9355
INFO val-epoches: 59, PLCC: 0.8836, SROCC: 0.8743, KROCC: 0.6966, RMSE: 7.1284
INFO test-epoches: 59, PLCC: 0.9398, SROCC: 0.9322, KROCC: 0.7744, RMSE: 5.2617
INFO train-epoches: 60, time: 10.0546, loss: 0.8834, learning_rate: 0.000010
INFO val-epoches: 60, val_min_loss: 66.6680, val_loss: 68.0620, best_srocc: 0.9355
INFO val-epoches: 60, PLCC: 0.8864, SROCC: 0.8762, KROCC: 0.6982, RMSE: 7.0464
INFO test-epoches: 60, PLCC: 0.9388, SROCC: 0.9307, KROCC: 0.7714, RMSE: 5.2832
INFO train-epoches: 61, time: 9.7547, loss: 0.9130, learning_rate: 0.000001
INFO val-epoches: 61, val_min_loss: 66.6680, val_loss: 70.3066, best_srocc: 0.9355
INFO val-epoches: 61, PLCC: 0.8837, SROCC: 0.8730, KROCC: 0.6952, RMSE: 7.2200
INFO test-epoches: 61, PLCC: 0.9391, SROCC: 0.9301, KROCC: 0.7707, RMSE: 5.1754
INFO train-epoches: 62, time: 9.7344, loss: 1.1175, learning_rate: 0.000001
INFO val-epoches: 62, val_min_loss: 66.6680, val_loss: 73.5801, best_srocc: 0.9355
INFO val-epoches: 62, PLCC: 0.8819, SROCC: 0.8725, KROCC: 0.6943, RMSE: 7.4214
INFO test-epoches: 62, PLCC: 0.9393, SROCC: 0.9305, KROCC: 0.7717, RMSE: 5.0731
INFO train-epoches: 63, time: 10.1596, loss: 1.0025, learning_rate: 0.000001
INFO val-epoches: 63, val_min_loss: 66.6680, val_loss: 68.9642, best_srocc: 0.9355
INFO val-epoches: 63, PLCC: 0.8860, SROCC: 0.8771, KROCC: 0.6999, RMSE: 7.1342
INFO test-epoches: 63, PLCC: 0.9400, SROCC: 0.9316, KROCC: 0.7740, RMSE: 5.2188
INFO train-epoches: 64, time: 10.0046, loss: 0.7336, learning_rate: 0.000001
INFO val-epoches: 64, val_min_loss: 66.6680, val_loss: 68.7106, best_srocc: 0.9355
INFO val-epoches: 64, PLCC: 0.8845, SROCC: 0.8750, KROCC: 0.6975, RMSE: 7.0764
INFO test-epoches: 64, PLCC: 0.9389, SROCC: 0.9304, KROCC: 0.7716, RMSE: 5.2549
INFO train-epoches: 65, time: 10.1405, loss: 0.8266, learning_rate: 0.000001
INFO val-epoches: 65, val_min_loss: 66.6680, val_loss: 69.9146, best_srocc: 0.9355
INFO val-epoches: 65, PLCC: 0.8858, SROCC: 0.8761, KROCC: 0.6990, RMSE: 7.1760
INFO test-epoches: 65, PLCC: 0.9395, SROCC: 0.9307, KROCC: 0.7722, RMSE: 5.1866
INFO train-epoches: 66, time: 10.2308, loss: 0.9277, learning_rate: 0.000001
INFO val-epoches: 66, val_min_loss: 66.6680, val_loss: 66.7702, best_srocc: 0.9355
INFO val-epoches: 66, PLCC: 0.8850, SROCC: 0.8753, KROCC: 0.6982, RMSE: 6.9448
INFO test-epoches: 66, PLCC: 0.9398, SROCC: 0.9314, KROCC: 0.7734, RMSE: 5.3036
INFO train-epoches: 67, time: 10.0705, loss: 0.8812, learning_rate: 0.000001
INFO val-epoches: 67, val_min_loss: 66.6680, val_loss: 71.8384, best_srocc: 0.9355
INFO val-epoches: 67, PLCC: 0.8834, SROCC: 0.8731, KROCC: 0.6965, RMSE: 7.3006
INFO test-epoches: 67, PLCC: 0.9401, SROCC: 0.9310, KROCC: 0.7729, RMSE: 5.1122
INFO train-epoches: 68, time: 10.1927, loss: 0.9593, learning_rate: 0.000001
INFO val-epoches: 68, val_min_loss: 66.1781, val_loss: 66.1781, best_srocc: 0.9355
INFO val-epoches: 68, PLCC: 0.8849, SROCC: 0.8754, KROCC: 0.6988, RMSE: 6.8910
INFO test-epoches: 68, PLCC: 0.9387, SROCC: 0.9312, KROCC: 0.7731, RMSE: 5.4466
INFO train-epoches: 69, time: 9.9014, loss: 0.7967, learning_rate: 0.000001
INFO val-epoches: 69, val_min_loss: 66.1781, val_loss: 68.9416, best_srocc: 0.9355
INFO val-epoches: 69, PLCC: 0.8862, SROCC: 0.8764, KROCC: 0.6996, RMSE: 7.0866
INFO test-epoches: 69, PLCC: 0.9396, SROCC: 0.9310, KROCC: 0.7728, RMSE: 5.2370
INFO train-epoches: 70, time: 9.9094, loss: 0.8692, learning_rate: 0.000001
INFO val-epoches: 70, val_min_loss: 66.1781, val_loss: 69.4064, best_srocc: 0.9355
INFO val-epoches: 70, PLCC: 0.8859, SROCC: 0.8759, KROCC: 0.6991, RMSE: 7.1045
INFO test-epoches: 70, PLCC: 0.9406, SROCC: 0.9332, KROCC: 0.7767, RMSE: 5.2003
INFO train-epoches: 71, time: 9.7903, loss: 0.9684, learning_rate: 0.000001
INFO val-epoches: 71, val_min_loss: 66.1781, val_loss: 66.7568, best_srocc: 0.9355
INFO val-epoches: 71, PLCC: 0.8835, SROCC: 0.8738, KROCC: 0.6959, RMSE: 6.9277
INFO test-epoches: 71, PLCC: 0.9394, SROCC: 0.9309, KROCC: 0.7728, RMSE: 5.3912
INFO train-epoches: 72, time: 9.6869, loss: 0.8594, learning_rate: 0.000001
INFO val-epoches: 72, val_min_loss: 66.1781, val_loss: 68.6560, best_srocc: 0.9355
INFO val-epoches: 72, PLCC: 0.8840, SROCC: 0.8735, KROCC: 0.6953, RMSE: 7.0723
INFO test-epoches: 72, PLCC: 0.9397, SROCC: 0.9309, KROCC: 0.7722, RMSE: 5.2718
INFO train-epoches: 73, time: 9.7169, loss: 0.9585, learning_rate: 0.000001
INFO val-epoches: 73, val_min_loss: 66.1781, val_loss: 70.5494, best_srocc: 0.9355
INFO val-epoches: 73, PLCC: 0.8849, SROCC: 0.8739, KROCC: 0.6960, RMSE: 7.2012
INFO test-epoches: 73, PLCC: 0.9396, SROCC: 0.9307, KROCC: 0.7713, RMSE: 5.1707
INFO train-epoches: 74, time: 9.7652, loss: 0.8755, learning_rate: 0.000001
INFO val-epoches: 74, val_min_loss: 66.1781, val_loss: 66.4672, best_srocc: 0.9355
INFO val-epoches: 74, PLCC: 0.8879, SROCC: 0.8778, KROCC: 0.7020, RMSE: 6.9184
INFO test-epoches: 74, PLCC: 0.9394, SROCC: 0.9316, KROCC: 0.7739, RMSE: 5.3788
INFO train-epoches: 75, time: 9.9753, loss: 0.8448, learning_rate: 0.000001
INFO val-epoches: 75, val_min_loss: 66.1781, val_loss: 69.1191, best_srocc: 0.9355
INFO val-epoches: 75, PLCC: 0.8871, SROCC: 0.8779, KROCC: 0.7014, RMSE: 7.0806
INFO test-epoches: 75, PLCC: 0.9397, SROCC: 0.9316, KROCC: 0.7738, RMSE: 5.1660
INFO train-epoches: 76, time: 9.9304, loss: 0.8303, learning_rate: 0.000001
INFO val-epoches: 76, val_min_loss: 66.1781, val_loss: 66.5912, best_srocc: 0.9355
INFO val-epoches: 76, PLCC: 0.8878, SROCC: 0.8785, KROCC: 0.7028, RMSE: 6.9026
INFO test-epoches: 76, PLCC: 0.9400, SROCC: 0.9326, KROCC: 0.7759, RMSE: 5.3590
INFO train-epoches: 77, time: 9.8631, loss: 0.9562, learning_rate: 0.000001
INFO val-epoches: 77, val_min_loss: 65.6804, val_loss: 65.6804, best_srocc: 0.9355
INFO val-epoches: 77, PLCC: 0.8878, SROCC: 0.8782, KROCC: 0.7019, RMSE: 6.8386
INFO test-epoches: 77, PLCC: 0.9398, SROCC: 0.9317, KROCC: 0.7736, RMSE: 5.4123
INFO train-epoches: 78, time: 10.1662, loss: 0.9212, learning_rate: 0.000001
INFO val-epoches: 78, val_min_loss: 65.6804, val_loss: 66.7604, best_srocc: 0.9355
INFO val-epoches: 78, PLCC: 0.8862, SROCC: 0.8763, KROCC: 0.6988, RMSE: 6.9632
INFO test-epoches: 78, PLCC: 0.9404, SROCC: 0.9320, KROCC: 0.7753, RMSE: 5.3385
INFO train-epoches: 79, time: 10.2262, loss: 0.8505, learning_rate: 0.000001
INFO val-epoches: 79, val_min_loss: 65.6804, val_loss: 71.7233, best_srocc: 0.9355
INFO val-epoches: 79, PLCC: 0.8872, SROCC: 0.8770, KROCC: 0.7002, RMSE: 7.2674
INFO test-epoches: 79, PLCC: 0.9408, SROCC: 0.9329, KROCC: 0.7756, RMSE: 5.0974
INFO train-epoches: 80, time: 10.0665, loss: 0.8327, learning_rate: 0.000001
INFO val-epoches: 80, val_min_loss: 65.6804, val_loss: 70.8203, best_srocc: 0.9355
INFO val-epoches: 80, PLCC: 0.8838, SROCC: 0.8743, KROCC: 0.6970, RMSE: 7.2277
INFO test-epoches: 80, PLCC: 0.9398, SROCC: 0.9316, KROCC: 0.7743, RMSE: 5.1608
INFO train-epoches: 81, time: 10.0223, loss: 0.8598, learning_rate: 0.000000
INFO val-epoches: 81, val_min_loss: 65.6804, val_loss: 67.6709, best_srocc: 0.9355
INFO val-epoches: 81, PLCC: 0.8864, SROCC: 0.8768, KROCC: 0.6993, RMSE: 7.0403
INFO test-epoches: 81, PLCC: 0.9409, SROCC: 0.9332, KROCC: 0.7763, RMSE: 5.2672
INFO train-epoches: 82, time: 10.2303, loss: 0.8538, learning_rate: 0.000000
INFO val-epoches: 82, val_min_loss: 65.6804, val_loss: 69.0812, best_srocc: 0.9355
INFO val-epoches: 82, PLCC: 0.8854, SROCC: 0.8748, KROCC: 0.6973, RMSE: 7.1186
INFO test-epoches: 82, PLCC: 0.9408, SROCC: 0.9318, KROCC: 0.7745, RMSE: 5.1857
INFO train-epoches: 83, time: 10.1175, loss: 0.8539, learning_rate: 0.000000
INFO val-epoches: 83, val_min_loss: 65.6804, val_loss: 67.2843, best_srocc: 0.9355
INFO val-epoches: 83, PLCC: 0.8856, SROCC: 0.8757, KROCC: 0.6984, RMSE: 7.0084
INFO test-epoches: 83, PLCC: 0.9405, SROCC: 0.9319, KROCC: 0.7746, RMSE: 5.2951
INFO train-epoches: 84, time: 10.0847, loss: 0.8385, learning_rate: 0.000000
INFO val-epoches: 84, val_min_loss: 65.6804, val_loss: 67.1405, best_srocc: 0.9355
INFO val-epoches: 84, PLCC: 0.8865, SROCC: 0.8763, KROCC: 0.6996, RMSE: 6.9743
INFO test-epoches: 84, PLCC: 0.9405, SROCC: 0.9328, KROCC: 0.7757, RMSE: 5.3153
INFO train-epoches: 85, time: 9.7136, loss: 0.8847, learning_rate: 0.000000
INFO val-epoches: 85, val_min_loss: 65.6804, val_loss: 71.2805, best_srocc: 0.9355
INFO val-epoches: 85, PLCC: 0.8833, SROCC: 0.8736, KROCC: 0.6963, RMSE: 7.2756
INFO test-epoches: 85, PLCC: 0.9400, SROCC: 0.9314, KROCC: 0.7737, RMSE: 5.1395
INFO train-epoches: 86, time: 9.7470, loss: 0.8198, learning_rate: 0.000000
INFO val-epoches: 86, val_min_loss: 65.6804, val_loss: 68.4003, best_srocc: 0.9355
INFO val-epoches: 86, PLCC: 0.8873, SROCC: 0.8789, KROCC: 0.7023, RMSE: 7.0297
INFO test-epoches: 86, PLCC: 0.9402, SROCC: 0.9329, KROCC: 0.7760, RMSE: 5.2467
INFO train-epoches: 87, time: 10.0835, loss: 0.8550, learning_rate: 0.000000
INFO val-epoches: 87, val_min_loss: 65.6804, val_loss: 69.7185, best_srocc: 0.9355
INFO val-epoches: 87, PLCC: 0.8862, SROCC: 0.8765, KROCC: 0.7000, RMSE: 7.0775
INFO test-epoches: 87, PLCC: 0.9402, SROCC: 0.9327, KROCC: 0.7759, RMSE: 5.1731
INFO train-epoches: 88, time: 9.9793, loss: 0.7449, learning_rate: 0.000000
INFO val-epoches: 88, val_min_loss: 65.6804, val_loss: 68.1862, best_srocc: 0.9355
INFO val-epoches: 88, PLCC: 0.8843, SROCC: 0.8751, KROCC: 0.6969, RMSE: 7.0676
INFO test-epoches: 88, PLCC: 0.9405, SROCC: 0.9320, KROCC: 0.7739, RMSE: 5.2386
INFO train-epoches: 89, time: 10.0740, loss: 0.8665, learning_rate: 0.000000
INFO val-epoches: 89, val_min_loss: 65.6804, val_loss: 71.9706, best_srocc: 0.9355
INFO val-epoches: 89, PLCC: 0.8851, SROCC: 0.8756, KROCC: 0.6986, RMSE: 7.2724
INFO test-epoches: 89, PLCC: 0.9406, SROCC: 0.9319, KROCC: 0.7749, RMSE: 5.0843
INFO train-epoches: 90, time: 9.7773, loss: 1.0561, learning_rate: 0.000000
INFO val-epoches: 90, val_min_loss: 65.6804, val_loss: 69.4197, best_srocc: 0.9355
INFO val-epoches: 90, PLCC: 0.8842, SROCC: 0.8744, KROCC: 0.6965, RMSE: 7.1478
INFO test-epoches: 90, PLCC: 0.9408, SROCC: 0.9321, KROCC: 0.7756, RMSE: 5.1904
INFO train-epoches: 91, time: 9.6758, loss: 0.8773, learning_rate: 0.000000
INFO val-epoches: 91, val_min_loss: 65.6804, val_loss: 68.4878, best_srocc: 0.9355
INFO val-epoches: 91, PLCC: 0.8862, SROCC: 0.8770, KROCC: 0.7002, RMSE: 7.0232
INFO test-epoches: 91, PLCC: 0.9398, SROCC: 0.9314, KROCC: 0.7741, RMSE: 5.3011
INFO train-epoches: 92, time: 9.9241, loss: 0.8789, learning_rate: 0.000000
INFO val-epoches: 92, val_min_loss: 65.6804, val_loss: 68.3523, best_srocc: 0.9355
INFO val-epoches: 92, PLCC: 0.8859, SROCC: 0.8754, KROCC: 0.6983, RMSE: 7.0295
INFO test-epoches: 92, PLCC: 0.9404, SROCC: 0.9326, KROCC: 0.7761, RMSE: 5.3026
INFO train-epoches: 93, time: 9.7592, loss: 0.8515, learning_rate: 0.000000
INFO val-epoches: 93, val_min_loss: 65.6804, val_loss: 69.4835, best_srocc: 0.9355
INFO val-epoches: 93, PLCC: 0.8838, SROCC: 0.8748, KROCC: 0.6980, RMSE: 7.1413
INFO test-epoches: 93, PLCC: 0.9400, SROCC: 0.9317, KROCC: 0.7747, RMSE: 5.2237
INFO train-epoches: 94, time: 9.9013, loss: 0.8546, learning_rate: 0.000000
INFO val-epoches: 94, val_min_loss: 65.6804, val_loss: 72.2479, best_srocc: 0.9355
INFO val-epoches: 94, PLCC: 0.8856, SROCC: 0.8767, KROCC: 0.6997, RMSE: 7.2927
INFO test-epoches: 94, PLCC: 0.9406, SROCC: 0.9325, KROCC: 0.7744, RMSE: 5.0932
INFO train-epoches: 95, time: 10.0588, loss: 0.8278, learning_rate: 0.000000
INFO val-epoches: 95, val_min_loss: 65.6804, val_loss: 68.8908, best_srocc: 0.9355
INFO val-epoches: 95, PLCC: 0.8869, SROCC: 0.8763, KROCC: 0.6986, RMSE: 7.1191
INFO test-epoches: 95, PLCC: 0.9408, SROCC: 0.9327, KROCC: 0.7761, RMSE: 5.1923
INFO train-epoches: 96, time: 9.9861, loss: 0.8518, learning_rate: 0.000000
INFO val-epoches: 96, val_min_loss: 65.6804, val_loss: 69.5087, best_srocc: 0.9355
INFO val-epoches: 96, PLCC: 0.8858, SROCC: 0.8751, KROCC: 0.6981, RMSE: 7.1483
INFO test-epoches: 96, PLCC: 0.9400, SROCC: 0.9310, KROCC: 0.7727, RMSE: 5.1986
INFO train-epoches: 97, time: 9.7286, loss: 0.8893, learning_rate: 0.000000
INFO val-epoches: 97, val_min_loss: 65.6804, val_loss: 67.1535, best_srocc: 0.9355
INFO val-epoches: 97, PLCC: 0.8867, SROCC: 0.8769, KROCC: 0.6999, RMSE: 6.9726
INFO test-epoches: 97, PLCC: 0.9400, SROCC: 0.9319, KROCC: 0.7746, RMSE: 5.2873
INFO train-epoches: 98, time: 9.7143, loss: 0.8530, learning_rate: 0.000000
INFO val-epoches: 98, val_min_loss: 65.6804, val_loss: 69.6022, best_srocc: 0.9355
INFO val-epoches: 98, PLCC: 0.8859, SROCC: 0.8761, KROCC: 0.6980, RMSE: 7.1376
INFO test-epoches: 98, PLCC: 0.9404, SROCC: 0.9313, KROCC: 0.7738, RMSE: 5.1834
INFO train-epoches: 99, time: 10.3702, loss: 0.8560, learning_rate: 0.000000
INFO val-epoches: 99, val_min_loss: 65.6804, val_loss: 70.6794, best_srocc: 0.9355
INFO val-epoches: 99, PLCC: 0.8850, SROCC: 0.8753, KROCC: 0.6976, RMSE: 7.2070
INFO test-epoches: 99, PLCC: 0.9403, SROCC: 0.9316, KROCC: 0.7739, RMSE: 5.1342
INFO train-epoches: 100, time: 10.0302, loss: 0.8305, learning_rate: 0.000000
INFO val-epoches: 100, val_min_loss: 65.6804, val_loss: 67.4693, best_srocc: 0.9355
INFO val-epoches: 100, PLCC: 0.8866, SROCC: 0.8760, KROCC: 0.6984, RMSE: 6.9829
INFO test-epoches: 100, PLCC: 0.9409, SROCC: 0.9330, KROCC: 0.7766, RMSE: 5.3051
INFO train-epoches: 101, time: 9.6799, loss: 1.0073, learning_rate: 0.000000
INFO val-epoches: 101, val_min_loss: 65.6804, val_loss: 69.0961, best_srocc: 0.9355
INFO val-epoches: 101, PLCC: 0.8848, SROCC: 0.8743, KROCC: 0.6968, RMSE: 7.0721
INFO test-epoches: 101, PLCC: 0.9408, SROCC: 0.9327, KROCC: 0.7760, RMSE: 5.2098
INFO train-epoches: 102, time: 9.7994, loss: 0.8562, learning_rate: 0.000000
INFO val-epoches: 102, val_min_loss: 65.6804, val_loss: 68.8219, best_srocc: 0.9355
INFO val-epoches: 102, PLCC: 0.8852, SROCC: 0.8751, KROCC: 0.6973, RMSE: 7.1023
INFO test-epoches: 102, PLCC: 0.9406, SROCC: 0.9322, KROCC: 0.7752, RMSE: 5.2233
INFO train-epoches: 103, time: 10.0441, loss: 0.9026, learning_rate: 0.000000
INFO val-epoches: 103, val_min_loss: 65.6804, val_loss: 66.8764, best_srocc: 0.9355
INFO val-epoches: 103, PLCC: 0.8858, SROCC: 0.8761, KROCC: 0.6977, RMSE: 6.9227
INFO test-epoches: 103, PLCC: 0.9394, SROCC: 0.9319, KROCC: 0.7747, RMSE: 5.3687
INFO train-epoches: 104, time: 9.8275, loss: 0.8342, learning_rate: 0.000000
INFO val-epoches: 104, val_min_loss: 65.6804, val_loss: 68.4034, best_srocc: 0.9355
INFO val-epoches: 104, PLCC: 0.8852, SROCC: 0.8755, KROCC: 0.6983, RMSE: 7.0377
INFO test-epoches: 104, PLCC: 0.9403, SROCC: 0.9327, KROCC: 0.7758, RMSE: 5.2580
INFO train-epoches: 105, time: 9.8055, loss: 0.8138, learning_rate: 0.000000
INFO val-epoches: 105, val_min_loss: 65.6804, val_loss: 67.2563, best_srocc: 0.9355
INFO val-epoches: 105, PLCC: 0.8848, SROCC: 0.8753, KROCC: 0.6987, RMSE: 6.9623
