INFO random seed: 0
INFO train-epoches: 1, time: 7.7535, loss: 27.9156, learning_rate: 0.010000
INFO val-epoches: 1, val_min_loss: 381.0079, val_loss: 381.0079, best_srocc: 0.0000
INFO val-epoches: 1, PLCC: 0.6182, SROCC: 0.5562, KROCC: 0.3911, RMSE: 15.4945
INFO test-epoches: 1, PLCC: 0.8106, SROCC: 0.8177, KROCC: 0.6256, RMSE: 10.8305
INFO The best srocc is: 0.8177
INFO train-epoches: 2, time: 7.3396, loss: 3.9465, learning_rate: 0.010000
INFO val-epoches: 2, val_min_loss: 381.0079, val_loss: 461.6543, best_srocc: 0.8177
INFO val-epoches: 2, PLCC: 0.7322, SROCC: 0.6904, KROCC: 0.5117, RMSE: 18.7811
INFO test-epoches: 2, PLCC: 0.8448, SROCC: 0.8651, KROCC: 0.6827, RMSE: 16.7648
INFO The best srocc is: 0.8651
INFO train-epoches: 3, time: 7.5421, loss: 3.8090, learning_rate: 0.010000
INFO val-epoches: 3, val_min_loss: 113.7321, val_loss: 113.7321, best_srocc: 0.8651
INFO val-epoches: 3, PLCC: 0.7872, SROCC: 0.7380, KROCC: 0.5543, RMSE: 9.3390
INFO test-epoches: 3, PLCC: 0.8897, SROCC: 0.8748, KROCC: 0.6970, RMSE: 9.5059
INFO The best srocc is: 0.8748
INFO train-epoches: 4, time: 7.4007, loss: 2.5783, learning_rate: 0.010000
INFO val-epoches: 4, val_min_loss: 100.9080, val_loss: 100.9080, best_srocc: 0.8748
INFO val-epoches: 4, PLCC: 0.8032, SROCC: 0.7735, KROCC: 0.5838, RMSE: 8.7001
INFO test-epoches: 4, PLCC: 0.8965, SROCC: 0.8889, KROCC: 0.7064, RMSE: 8.5219
INFO The best srocc is: 0.8889
INFO train-epoches: 5, time: 7.4270, loss: 2.8810, learning_rate: 0.010000
INFO val-epoches: 5, val_min_loss: 100.9080, val_loss: 264.5651, best_srocc: 0.8889
INFO val-epoches: 5, PLCC: 0.8127, SROCC: 0.8261, KROCC: 0.6359, RMSE: 15.8532
INFO test-epoches: 5, PLCC: 0.8664, SROCC: 0.8856, KROCC: 0.7087, RMSE: 17.2352
INFO train-epoches: 6, time: 7.5259, loss: 2.3520, learning_rate: 0.010000
INFO val-epoches: 6, val_min_loss: 100.9080, val_loss: 101.9322, best_srocc: 0.8889
INFO val-epoches: 6, PLCC: 0.8303, SROCC: 0.8057, KROCC: 0.6166, RMSE: 7.8410
INFO test-epoches: 6, PLCC: 0.9205, SROCC: 0.9120, KROCC: 0.7475, RMSE: 6.2706
INFO The best srocc is: 0.9120
INFO train-epoches: 7, time: 7.7178, loss: 3.6874, learning_rate: 0.010000
INFO val-epoches: 7, val_min_loss: 100.9080, val_loss: 446.9620, best_srocc: 0.9120
INFO val-epoches: 7, PLCC: 0.8129, SROCC: 0.7803, KROCC: 0.5892, RMSE: 19.7057
INFO test-epoches: 7, PLCC: 0.9231, SROCC: 0.9261, KROCC: 0.7723, RMSE: 13.5102
INFO The best srocc is: 0.9261
INFO train-epoches: 8, time: 7.3218, loss: 4.4695, learning_rate: 0.010000
INFO val-epoches: 8, val_min_loss: 100.9080, val_loss: 104.3317, best_srocc: 0.9261
INFO val-epoches: 8, PLCC: 0.8060, SROCC: 0.7841, KROCC: 0.5905, RMSE: 9.0868
INFO test-epoches: 8, PLCC: 0.9237, SROCC: 0.9150, KROCC: 0.7503, RMSE: 9.2950
INFO train-epoches: 9, time: 7.3491, loss: 2.6063, learning_rate: 0.010000
INFO val-epoches: 9, val_min_loss: 100.9080, val_loss: 128.4725, best_srocc: 0.9261
INFO val-epoches: 9, PLCC: 0.8232, SROCC: 0.8188, KROCC: 0.6320, RMSE: 10.2350
INFO test-epoches: 9, PLCC: 0.8984, SROCC: 0.9168, KROCC: 0.7463, RMSE: 11.6744
INFO train-epoches: 10, time: 7.9176, loss: 2.3473, learning_rate: 0.010000
INFO val-epoches: 10, val_min_loss: 100.9080, val_loss: 114.0961, best_srocc: 0.9261
INFO val-epoches: 10, PLCC: 0.7930, SROCC: 0.7849, KROCC: 0.5975, RMSE: 8.5156
INFO test-epoches: 10, PLCC: 0.9149, SROCC: 0.9127, KROCC: 0.7436, RMSE: 7.1051
INFO train-epoches: 11, time: 7.5622, loss: 1.9619, learning_rate: 0.001000
INFO val-epoches: 11, val_min_loss: 100.9080, val_loss: 109.8502, best_srocc: 0.9261
INFO val-epoches: 11, PLCC: 0.8541, SROCC: 0.8338, KROCC: 0.6479, RMSE: 8.9460
INFO test-epoches: 11, PLCC: 0.9270, SROCC: 0.9214, KROCC: 0.7597, RMSE: 5.7998
INFO train-epoches: 12, time: 7.6329, loss: 1.6897, learning_rate: 0.001000
INFO val-epoches: 12, val_min_loss: 81.8003, val_loss: 81.8003, best_srocc: 0.9261
INFO val-epoches: 12, PLCC: 0.8552, SROCC: 0.8337, KROCC: 0.6486, RMSE: 7.6616
INFO test-epoches: 12, PLCC: 0.9296, SROCC: 0.9223, KROCC: 0.7631, RMSE: 6.6126
INFO train-epoches: 13, time: 8.0617, loss: 1.4455, learning_rate: 0.001000
INFO val-epoches: 13, val_min_loss: 81.8003, val_loss: 85.0545, best_srocc: 0.9261
INFO val-epoches: 13, PLCC: 0.8509, SROCC: 0.8258, KROCC: 0.6385, RMSE: 7.6638
INFO test-epoches: 13, PLCC: 0.9325, SROCC: 0.9237, KROCC: 0.7646, RMSE: 6.0298
INFO train-epoches: 14, time: 7.8407, loss: 1.5154, learning_rate: 0.001000
INFO val-epoches: 14, val_min_loss: 81.8003, val_loss: 118.4711, best_srocc: 0.9261
INFO val-epoches: 14, PLCC: 0.8539, SROCC: 0.8339, KROCC: 0.6494, RMSE: 9.3350
INFO test-epoches: 14, PLCC: 0.9322, SROCC: 0.9224, KROCC: 0.7615, RMSE: 5.5813
INFO train-epoches: 15, time: 7.6154, loss: 1.5245, learning_rate: 0.001000
INFO val-epoches: 15, val_min_loss: 81.8003, val_loss: 100.1285, best_srocc: 0.9261
INFO val-epoches: 15, PLCC: 0.8562, SROCC: 0.8362, KROCC: 0.6525, RMSE: 8.3269
INFO test-epoches: 15, PLCC: 0.9345, SROCC: 0.9256, KROCC: 0.7656, RMSE: 5.2388
INFO train-epoches: 16, time: 7.7115, loss: 1.3470, learning_rate: 0.001000
INFO val-epoches: 16, val_min_loss: 81.8003, val_loss: 87.3469, best_srocc: 0.9261
INFO val-epoches: 16, PLCC: 0.8536, SROCC: 0.8320, KROCC: 0.6476, RMSE: 7.6600
INFO test-epoches: 16, PLCC: 0.9346, SROCC: 0.9252, KROCC: 0.7654, RMSE: 5.7164
INFO train-epoches: 17, time: 7.3990, loss: 1.2931, learning_rate: 0.001000
INFO val-epoches: 17, val_min_loss: 81.8003, val_loss: 86.2925, best_srocc: 0.9261
INFO val-epoches: 17, PLCC: 0.8544, SROCC: 0.8322, KROCC: 0.6479, RMSE: 7.5431
INFO test-epoches: 17, PLCC: 0.9338, SROCC: 0.9233, KROCC: 0.7627, RMSE: 5.7315
INFO train-epoches: 18, time: 7.4440, loss: 1.4242, learning_rate: 0.001000
INFO val-epoches: 18, val_min_loss: 81.8003, val_loss: 82.9532, best_srocc: 0.9261
INFO val-epoches: 18, PLCC: 0.8636, SROCC: 0.8453, KROCC: 0.6629, RMSE: 7.4236
INFO test-epoches: 18, PLCC: 0.9315, SROCC: 0.9238, KROCC: 0.7631, RMSE: 5.6201
INFO train-epoches: 19, time: 7.6453, loss: 1.2077, learning_rate: 0.001000
INFO val-epoches: 19, val_min_loss: 81.8003, val_loss: 88.8898, best_srocc: 0.9261
INFO val-epoches: 19, PLCC: 0.8634, SROCC: 0.8443, KROCC: 0.6618, RMSE: 7.8904
INFO test-epoches: 19, PLCC: 0.9343, SROCC: 0.9250, KROCC: 0.7665, RMSE: 5.4016
INFO train-epoches: 20, time: 7.9582, loss: 1.2103, learning_rate: 0.001000
INFO val-epoches: 20, val_min_loss: 81.8003, val_loss: 88.0268, best_srocc: 0.9261
INFO val-epoches: 20, PLCC: 0.8602, SROCC: 0.8418, KROCC: 0.6586, RMSE: 7.7119
INFO test-epoches: 20, PLCC: 0.9330, SROCC: 0.9249, KROCC: 0.7651, RMSE: 5.5256
INFO train-epoches: 21, time: 10.1591, loss: 1.4361, learning_rate: 0.000100
INFO val-epoches: 21, val_min_loss: 81.8003, val_loss: 90.8786, best_srocc: 0.9261
INFO val-epoches: 21, PLCC: 0.8643, SROCC: 0.8478, KROCC: 0.6613, RMSE: 7.8530
INFO test-epoches: 21, PLCC: 0.9359, SROCC: 0.9280, KROCC: 0.7688, RMSE: 5.3923
INFO The best srocc is: 0.9280
INFO train-epoches: 22, time: 10.1023, loss: 1.2323, learning_rate: 0.000100
INFO val-epoches: 22, val_min_loss: 81.8003, val_loss: 92.5170, best_srocc: 0.9280
INFO val-epoches: 22, PLCC: 0.8536, SROCC: 0.8343, KROCC: 0.6492, RMSE: 8.2435
INFO test-epoches: 22, PLCC: 0.9333, SROCC: 0.9271, KROCC: 0.7669, RMSE: 5.3139
INFO train-epoches: 23, time: 10.0204, loss: 1.1298, learning_rate: 0.000100
INFO val-epoches: 23, val_min_loss: 81.8003, val_loss: 83.6772, best_srocc: 0.9280
INFO val-epoches: 23, PLCC: 0.8650, SROCC: 0.8430, KROCC: 0.6632, RMSE: 7.5696
INFO test-epoches: 23, PLCC: 0.9339, SROCC: 0.9272, KROCC: 0.7699, RMSE: 5.4509
INFO train-epoches: 24, time: 10.1880, loss: 1.2827, learning_rate: 0.000100
INFO val-epoches: 24, val_min_loss: 78.7740, val_loss: 78.7740, best_srocc: 0.9280
INFO val-epoches: 24, PLCC: 0.8661, SROCC: 0.8476, KROCC: 0.6675, RMSE: 7.3520
INFO test-epoches: 24, PLCC: 0.9312, SROCC: 0.9232, KROCC: 0.7622, RMSE: 5.6143
INFO train-epoches: 25, time: 10.7154, loss: 1.1712, learning_rate: 0.000100
INFO val-epoches: 25, val_min_loss: 78.7740, val_loss: 87.1180, best_srocc: 0.9280
INFO val-epoches: 25, PLCC: 0.8623, SROCC: 0.8465, KROCC: 0.6653, RMSE: 7.8570
INFO test-epoches: 25, PLCC: 0.9319, SROCC: 0.9224, KROCC: 0.7608, RMSE: 5.4906
INFO train-epoches: 26, time: 9.9735, loss: 1.1500, learning_rate: 0.000100
INFO val-epoches: 26, val_min_loss: 78.7740, val_loss: 81.9924, best_srocc: 0.9280
INFO val-epoches: 26, PLCC: 0.8654, SROCC: 0.8466, KROCC: 0.6657, RMSE: 7.6447
INFO test-epoches: 26, PLCC: 0.9378, SROCC: 0.9332, KROCC: 0.7788, RMSE: 5.2736
INFO The best srocc is: 0.9332
INFO train-epoches: 27, time: 9.9267, loss: 1.2854, learning_rate: 0.000100
INFO val-epoches: 27, val_min_loss: 78.7740, val_loss: 92.9507, best_srocc: 0.9332
INFO val-epoches: 27, PLCC: 0.8559, SROCC: 0.8418, KROCC: 0.6544, RMSE: 8.4851
INFO test-epoches: 27, PLCC: 0.9294, SROCC: 0.9169, KROCC: 0.7496, RMSE: 5.6326
INFO train-epoches: 28, time: 10.3043, loss: 1.1608, learning_rate: 0.000100
INFO val-epoches: 28, val_min_loss: 72.2827, val_loss: 72.2827, best_srocc: 0.9332
INFO val-epoches: 28, PLCC: 0.8768, SROCC: 0.8573, KROCC: 0.6767, RMSE: 7.0970
INFO test-epoches: 28, PLCC: 0.9369, SROCC: 0.9288, KROCC: 0.7736, RMSE: 5.4036
INFO train-epoches: 29, time: 10.2691, loss: 1.1553, learning_rate: 0.000100
INFO val-epoches: 29, val_min_loss: 72.2827, val_loss: 75.9484, best_srocc: 0.9332
INFO val-epoches: 29, PLCC: 0.8783, SROCC: 0.8618, KROCC: 0.6821, RMSE: 7.3683
INFO test-epoches: 29, PLCC: 0.9346, SROCC: 0.9239, KROCC: 0.7630, RMSE: 5.3673
INFO train-epoches: 30, time: 10.1317, loss: 1.3078, learning_rate: 0.000100
INFO val-epoches: 30, val_min_loss: 72.2827, val_loss: 75.3133, best_srocc: 0.9332
INFO val-epoches: 30, PLCC: 0.8750, SROCC: 0.8577, KROCC: 0.6752, RMSE: 7.3266
INFO test-epoches: 30, PLCC: 0.9355, SROCC: 0.9251, KROCC: 0.7650, RMSE: 5.3636
INFO train-epoches: 31, time: 10.2689, loss: 1.1014, learning_rate: 0.000100
INFO val-epoches: 31, val_min_loss: 72.2827, val_loss: 75.8249, best_srocc: 0.9332
INFO val-epoches: 31, PLCC: 0.8748, SROCC: 0.8589, KROCC: 0.6751, RMSE: 7.1915
INFO test-epoches: 31, PLCC: 0.9356, SROCC: 0.9265, KROCC: 0.7675, RMSE: 5.3905
INFO train-epoches: 32, time: 10.5958, loss: 1.2557, learning_rate: 0.000100
INFO val-epoches: 32, val_min_loss: 72.2827, val_loss: 84.1804, best_srocc: 0.9332
INFO val-epoches: 32, PLCC: 0.8631, SROCC: 0.8499, KROCC: 0.6594, RMSE: 7.5562
INFO test-epoches: 32, PLCC: 0.9328, SROCC: 0.9247, KROCC: 0.7628, RMSE: 5.5010
INFO train-epoches: 33, time: 10.5812, loss: 1.1116, learning_rate: 0.000100
INFO val-epoches: 33, val_min_loss: 72.2827, val_loss: 77.1843, best_srocc: 0.9332
INFO val-epoches: 33, PLCC: 0.8715, SROCC: 0.8551, KROCC: 0.6748, RMSE: 7.2948
INFO test-epoches: 33, PLCC: 0.9342, SROCC: 0.9252, KROCC: 0.7642, RMSE: 5.3589
INFO train-epoches: 34, time: 9.8898, loss: 0.9763, learning_rate: 0.000100
INFO val-epoches: 34, val_min_loss: 72.2827, val_loss: 79.1876, best_srocc: 0.9332
INFO val-epoches: 34, PLCC: 0.8658, SROCC: 0.8509, KROCC: 0.6672, RMSE: 7.5140
INFO test-epoches: 34, PLCC: 0.9397, SROCC: 0.9324, KROCC: 0.7770, RMSE: 5.2660
INFO train-epoches: 35, time: 9.9999, loss: 1.0427, learning_rate: 0.000100
INFO val-epoches: 35, val_min_loss: 72.2827, val_loss: 87.9223, best_srocc: 0.9332
INFO val-epoches: 35, PLCC: 0.8748, SROCC: 0.8616, KROCC: 0.6775, RMSE: 8.0298
INFO test-epoches: 35, PLCC: 0.9365, SROCC: 0.9259, KROCC: 0.7638, RMSE: 5.2355
INFO train-epoches: 36, time: 9.7998, loss: 1.4507, learning_rate: 0.000100
INFO val-epoches: 36, val_min_loss: 72.2827, val_loss: 76.7996, best_srocc: 0.9332
INFO val-epoches: 36, PLCC: 0.8641, SROCC: 0.8451, KROCC: 0.6600, RMSE: 7.2756
INFO test-epoches: 36, PLCC: 0.9330, SROCC: 0.9242, KROCC: 0.7639, RMSE: 5.9908
INFO train-epoches: 37, time: 10.3145, loss: 1.0021, learning_rate: 0.000100
INFO val-epoches: 37, val_min_loss: 72.2827, val_loss: 86.4456, best_srocc: 0.9332
INFO val-epoches: 37, PLCC: 0.8796, SROCC: 0.8643, KROCC: 0.6831, RMSE: 7.9712
INFO test-epoches: 37, PLCC: 0.9298, SROCC: 0.9181, KROCC: 0.7564, RMSE: 5.6308
INFO train-epoches: 38, time: 10.0811, loss: 1.0101, learning_rate: 0.000100
INFO val-epoches: 38, val_min_loss: 72.2827, val_loss: 79.8355, best_srocc: 0.9332
INFO val-epoches: 38, PLCC: 0.8619, SROCC: 0.8447, KROCC: 0.6624, RMSE: 7.4414
INFO test-epoches: 38, PLCC: 0.9348, SROCC: 0.9247, KROCC: 0.7669, RMSE: 5.7350
INFO train-epoches: 39, time: 9.8791, loss: 0.9930, learning_rate: 0.000100
INFO val-epoches: 39, val_min_loss: 72.2827, val_loss: 76.2723, best_srocc: 0.9332
INFO val-epoches: 39, PLCC: 0.8795, SROCC: 0.8628, KROCC: 0.6846, RMSE: 7.3572
INFO test-epoches: 39, PLCC: 0.9310, SROCC: 0.9207, KROCC: 0.7567, RMSE: 5.7691
INFO train-epoches: 40, time: 10.2830, loss: 0.9305, learning_rate: 0.000100
INFO val-epoches: 40, val_min_loss: 72.2827, val_loss: 80.6994, best_srocc: 0.9332
INFO val-epoches: 40, PLCC: 0.8792, SROCC: 0.8643, KROCC: 0.6854, RMSE: 7.7666
INFO test-epoches: 40, PLCC: 0.9307, SROCC: 0.9196, KROCC: 0.7547, RMSE: 5.4580
INFO train-epoches: 41, time: 9.8740, loss: 0.8490, learning_rate: 0.000010
INFO val-epoches: 41, val_min_loss: 72.2827, val_loss: 72.9008, best_srocc: 0.9332
INFO val-epoches: 41, PLCC: 0.8814, SROCC: 0.8672, KROCC: 0.6887, RMSE: 7.1896
INFO test-epoches: 41, PLCC: 0.9312, SROCC: 0.9213, KROCC: 0.7579, RMSE: 5.6673
INFO train-epoches: 42, time: 9.8576, loss: 0.9161, learning_rate: 0.000010
INFO val-epoches: 42, val_min_loss: 70.2181, val_loss: 70.2181, best_srocc: 0.9332
INFO val-epoches: 42, PLCC: 0.8840, SROCC: 0.8685, KROCC: 0.6906, RMSE: 7.0036
INFO test-epoches: 42, PLCC: 0.9315, SROCC: 0.9214, KROCC: 0.7586, RMSE: 5.8101
INFO train-epoches: 43, time: 10.2632, loss: 1.0974, learning_rate: 0.000010
INFO val-epoches: 43, val_min_loss: 70.2181, val_loss: 77.8037, best_srocc: 0.9332
INFO val-epoches: 43, PLCC: 0.8778, SROCC: 0.8636, KROCC: 0.6852, RMSE: 7.4511
INFO test-epoches: 43, PLCC: 0.9322, SROCC: 0.9229, KROCC: 0.7612, RMSE: 5.4694
INFO train-epoches: 44, time: 10.3116, loss: 0.9317, learning_rate: 0.000010
INFO val-epoches: 44, val_min_loss: 70.2181, val_loss: 75.0387, best_srocc: 0.9332
INFO val-epoches: 44, PLCC: 0.8822, SROCC: 0.8682, KROCC: 0.6897, RMSE: 7.3194
INFO test-epoches: 44, PLCC: 0.9323, SROCC: 0.9216, KROCC: 0.7600, RMSE: 5.5112
INFO train-epoches: 45, time: 9.9695, loss: 0.9016, learning_rate: 0.000010
INFO val-epoches: 45, val_min_loss: 70.2181, val_loss: 74.1483, best_srocc: 0.9332
INFO val-epoches: 45, PLCC: 0.8806, SROCC: 0.8659, KROCC: 0.6870, RMSE: 7.2539
INFO test-epoches: 45, PLCC: 0.9331, SROCC: 0.9229, KROCC: 0.7609, RMSE: 5.5412
INFO train-epoches: 46, time: 10.2385, loss: 1.0167, learning_rate: 0.000010
INFO val-epoches: 46, val_min_loss: 70.2181, val_loss: 72.1658, best_srocc: 0.9332
INFO val-epoches: 46, PLCC: 0.8844, SROCC: 0.8708, KROCC: 0.6954, RMSE: 7.1503
INFO test-epoches: 46, PLCC: 0.9309, SROCC: 0.9205, KROCC: 0.7580, RMSE: 5.6646
INFO train-epoches: 47, time: 9.8212, loss: 0.8133, learning_rate: 0.000010
INFO val-epoches: 47, val_min_loss: 70.2181, val_loss: 72.2657, best_srocc: 0.9332
INFO val-epoches: 47, PLCC: 0.8867, SROCC: 0.8727, KROCC: 0.6958, RMSE: 7.0973
INFO test-epoches: 47, PLCC: 0.9324, SROCC: 0.9217, KROCC: 0.7603, RMSE: 5.6055
INFO train-epoches: 48, time: 9.9185, loss: 0.7289, learning_rate: 0.000010
INFO val-epoches: 48, val_min_loss: 70.2181, val_loss: 72.1419, best_srocc: 0.9332
INFO val-epoches: 48, PLCC: 0.8843, SROCC: 0.8705, KROCC: 0.6920, RMSE: 7.1060
INFO test-epoches: 48, PLCC: 0.9332, SROCC: 0.9237, KROCC: 0.7621, RMSE: 5.6076
INFO train-epoches: 49, time: 10.0529, loss: 0.9184, learning_rate: 0.000010
INFO val-epoches: 49, val_min_loss: 70.2181, val_loss: 71.0183, best_srocc: 0.9332
INFO val-epoches: 49, PLCC: 0.8852, SROCC: 0.8716, KROCC: 0.6937, RMSE: 6.9626
INFO test-epoches: 49, PLCC: 0.9329, SROCC: 0.9242, KROCC: 0.7631, RMSE: 5.7807
INFO train-epoches: 50, time: 9.9787, loss: 1.0644, learning_rate: 0.000010
INFO val-epoches: 50, val_min_loss: 70.2181, val_loss: 71.5211, best_srocc: 0.9332
INFO val-epoches: 50, PLCC: 0.8818, SROCC: 0.8680, KROCC: 0.6890, RMSE: 7.0880
INFO test-epoches: 50, PLCC: 0.9334, SROCC: 0.9235, KROCC: 0.7622, RMSE: 5.7305
INFO train-epoches: 51, time: 10.2081, loss: 0.9950, learning_rate: 0.000010
INFO val-epoches: 51, val_min_loss: 70.2181, val_loss: 79.1135, best_srocc: 0.9332
INFO val-epoches: 51, PLCC: 0.8796, SROCC: 0.8661, KROCC: 0.6881, RMSE: 7.6125
INFO test-epoches: 51, PLCC: 0.9331, SROCC: 0.9220, KROCC: 0.7610, RMSE: 5.4142
INFO train-epoches: 52, time: 10.0809, loss: 0.8924, learning_rate: 0.000010
INFO val-epoches: 52, val_min_loss: 70.2181, val_loss: 72.1490, best_srocc: 0.9332
INFO val-epoches: 52, PLCC: 0.8809, SROCC: 0.8667, KROCC: 0.6886, RMSE: 7.0965
INFO test-epoches: 52, PLCC: 0.9332, SROCC: 0.9228, KROCC: 0.7627, RMSE: 5.7560
INFO train-epoches: 53, time: 9.9001, loss: 1.0628, learning_rate: 0.000010
INFO val-epoches: 53, val_min_loss: 70.2181, val_loss: 74.8086, best_srocc: 0.9332
INFO val-epoches: 53, PLCC: 0.8803, SROCC: 0.8664, KROCC: 0.6880, RMSE: 7.2908
INFO test-epoches: 53, PLCC: 0.9323, SROCC: 0.9216, KROCC: 0.7600, RMSE: 5.6260
INFO train-epoches: 54, time: 10.0384, loss: 0.7366, learning_rate: 0.000010
INFO val-epoches: 54, val_min_loss: 70.2181, val_loss: 76.6004, best_srocc: 0.9332
INFO val-epoches: 54, PLCC: 0.8838, SROCC: 0.8694, KROCC: 0.6915, RMSE: 7.4034
INFO test-epoches: 54, PLCC: 0.9350, SROCC: 0.9242, KROCC: 0.7639, RMSE: 5.4103
INFO train-epoches: 55, time: 10.3561, loss: 0.9097, learning_rate: 0.000010
INFO val-epoches: 55, val_min_loss: 70.2181, val_loss: 77.3614, best_srocc: 0.9332
INFO val-epoches: 55, PLCC: 0.8839, SROCC: 0.8700, KROCC: 0.6926, RMSE: 7.4138
INFO test-epoches: 55, PLCC: 0.9343, SROCC: 0.9238, KROCC: 0.7638, RMSE: 5.4387
INFO train-epoches: 56, time: 10.2371, loss: 0.7975, learning_rate: 0.000010
INFO val-epoches: 56, val_min_loss: 70.2181, val_loss: 73.3038, best_srocc: 0.9332
INFO val-epoches: 56, PLCC: 0.8804, SROCC: 0.8663, KROCC: 0.6864, RMSE: 7.2009
INFO test-epoches: 56, PLCC: 0.9328, SROCC: 0.9226, KROCC: 0.7608, RMSE: 5.6904
INFO train-epoches: 57, time: 10.3380, loss: 0.9058, learning_rate: 0.000010
INFO val-epoches: 57, val_min_loss: 70.2181, val_loss: 72.1727, best_srocc: 0.9332
INFO val-epoches: 57, PLCC: 0.8823, SROCC: 0.8671, KROCC: 0.6885, RMSE: 7.1137
INFO test-epoches: 57, PLCC: 0.9340, SROCC: 0.9232, KROCC: 0.7626, RMSE: 5.6619
INFO train-epoches: 58, time: 10.1140, loss: 0.7622, learning_rate: 0.000010
INFO val-epoches: 58, val_min_loss: 70.2181, val_loss: 73.8848, best_srocc: 0.9332
INFO val-epoches: 58, PLCC: 0.8818, SROCC: 0.8674, KROCC: 0.6890, RMSE: 7.2375
INFO test-epoches: 58, PLCC: 0.9344, SROCC: 0.9231, KROCC: 0.7626, RMSE: 5.5357
INFO train-epoches: 59, time: 10.3292, loss: 0.9119, learning_rate: 0.000010
INFO val-epoches: 59, val_min_loss: 70.2181, val_loss: 74.8956, best_srocc: 0.9332
INFO val-epoches: 59, PLCC: 0.8800, SROCC: 0.8652, KROCC: 0.6872, RMSE: 7.2749
INFO test-epoches: 59, PLCC: 0.9330, SROCC: 0.9224, KROCC: 0.7615, RMSE: 5.5700
INFO train-epoches: 60, time: 10.1757, loss: 0.8398, learning_rate: 0.000010
INFO val-epoches: 60, val_min_loss: 70.2181, val_loss: 72.6873, best_srocc: 0.9332
INFO val-epoches: 60, PLCC: 0.8822, SROCC: 0.8684, KROCC: 0.6907, RMSE: 7.1820
INFO test-epoches: 60, PLCC: 0.9329, SROCC: 0.9225, KROCC: 0.7614, RMSE: 5.5994
INFO train-epoches: 61, time: 9.9331, loss: 0.8839, learning_rate: 0.000001
INFO val-epoches: 61, val_min_loss: 70.2181, val_loss: 75.1278, best_srocc: 0.9332
INFO val-epoches: 61, PLCC: 0.8790, SROCC: 0.8664, KROCC: 0.6883, RMSE: 7.3114
INFO test-epoches: 61, PLCC: 0.9343, SROCC: 0.9232, KROCC: 0.7622, RMSE: 5.4241
INFO train-epoches: 62, time: 9.9653, loss: 1.1138, learning_rate: 0.000001
INFO val-epoches: 62, val_min_loss: 70.2181, val_loss: 80.2118, best_srocc: 0.9332
INFO val-epoches: 62, PLCC: 0.8782, SROCC: 0.8652, KROCC: 0.6867, RMSE: 7.6107
INFO test-epoches: 62, PLCC: 0.9343, SROCC: 0.9225, KROCC: 0.7613, RMSE: 5.2925
INFO train-epoches: 63, time: 10.3916, loss: 1.0263, learning_rate: 0.000001
INFO val-epoches: 63, val_min_loss: 70.2181, val_loss: 74.2305, best_srocc: 0.9332
INFO val-epoches: 63, PLCC: 0.8811, SROCC: 0.8672, KROCC: 0.6899, RMSE: 7.2832
INFO test-epoches: 63, PLCC: 0.9343, SROCC: 0.9228, KROCC: 0.7617, RMSE: 5.4907
INFO train-epoches: 64, time: 10.0893, loss: 0.7386, learning_rate: 0.000001
INFO val-epoches: 64, val_min_loss: 70.2181, val_loss: 75.0352, best_srocc: 0.9332
INFO val-epoches: 64, PLCC: 0.8802, SROCC: 0.8675, KROCC: 0.6894, RMSE: 7.3085
INFO test-epoches: 64, PLCC: 0.9337, SROCC: 0.9224, KROCC: 0.7606, RMSE: 5.4836
INFO train-epoches: 65, time: 10.4684, loss: 0.8463, learning_rate: 0.000001
INFO val-epoches: 65, val_min_loss: 70.2181, val_loss: 73.4545, best_srocc: 0.9332
INFO val-epoches: 65, PLCC: 0.8819, SROCC: 0.8685, KROCC: 0.6908, RMSE: 7.2417
INFO test-epoches: 65, PLCC: 0.9344, SROCC: 0.9234, KROCC: 0.7625, RMSE: 5.4712
INFO train-epoches: 66, time: 9.9583, loss: 0.8941, learning_rate: 0.000001
INFO val-epoches: 66, val_min_loss: 70.2181, val_loss: 71.3832, best_srocc: 0.9332
INFO val-epoches: 66, PLCC: 0.8805, SROCC: 0.8660, KROCC: 0.6881, RMSE: 7.0636
INFO test-epoches: 66, PLCC: 0.9351, SROCC: 0.9238, KROCC: 0.7639, RMSE: 5.6399
INFO train-epoches: 67, time: 10.0596, loss: 0.8413, learning_rate: 0.000001
INFO val-epoches: 67, val_min_loss: 70.2181, val_loss: 78.4283, best_srocc: 0.9332
INFO val-epoches: 67, PLCC: 0.8784, SROCC: 0.8646, KROCC: 0.6862, RMSE: 7.5452
INFO test-epoches: 67, PLCC: 0.9354, SROCC: 0.9240, KROCC: 0.7634, RMSE: 5.3152
INFO train-epoches: 68, time: 10.0994, loss: 0.9683, learning_rate: 0.000001
INFO val-epoches: 68, val_min_loss: 70.2181, val_loss: 72.0152, best_srocc: 0.9332
INFO val-epoches: 68, PLCC: 0.8820, SROCC: 0.8671, KROCC: 0.6888, RMSE: 7.0654
INFO test-epoches: 68, PLCC: 0.9344, SROCC: 0.9238, KROCC: 0.7635, RMSE: 5.6710
INFO train-epoches: 69, time: 10.2123, loss: 0.8379, learning_rate: 0.000001
INFO val-epoches: 69, val_min_loss: 70.2181, val_loss: 73.8137, best_srocc: 0.9332
INFO val-epoches: 69, PLCC: 0.8802, SROCC: 0.8664, KROCC: 0.6888, RMSE: 7.2329
INFO test-epoches: 69, PLCC: 0.9344, SROCC: 0.9236, KROCC: 0.7633, RMSE: 5.5600
INFO train-epoches: 70, time: 10.0056, loss: 0.8616, learning_rate: 0.000001
INFO val-epoches: 70, val_min_loss: 70.2181, val_loss: 73.0369, best_srocc: 0.9332
INFO val-epoches: 70, PLCC: 0.8809, SROCC: 0.8668, KROCC: 0.6890, RMSE: 7.1679
INFO test-epoches: 70, PLCC: 0.9345, SROCC: 0.9240, KROCC: 0.7632, RMSE: 5.5829
INFO train-epoches: 71, time: 10.0868, loss: 0.9697, learning_rate: 0.000001
INFO val-epoches: 71, val_min_loss: 70.2181, val_loss: 71.7589, best_srocc: 0.9332
INFO val-epoches: 71, PLCC: 0.8800, SROCC: 0.8668, KROCC: 0.6878, RMSE: 7.0509
INFO test-epoches: 71, PLCC: 0.9347, SROCC: 0.9240, KROCC: 0.7630, RMSE: 5.6762
INFO train-epoches: 72, time: 10.5531, loss: 0.8915, learning_rate: 0.000001
INFO val-epoches: 72, val_min_loss: 70.2181, val_loss: 73.4679, best_srocc: 0.9332
INFO val-epoches: 72, PLCC: 0.8794, SROCC: 0.8665, KROCC: 0.6881, RMSE: 7.1869
INFO test-epoches: 72, PLCC: 0.9350, SROCC: 0.9241, KROCC: 0.7632, RMSE: 5.5383
INFO train-epoches: 73, time: 10.0940, loss: 0.9601, learning_rate: 0.000001
INFO val-epoches: 73, val_min_loss: 70.2181, val_loss: 76.7530, best_srocc: 0.9332
INFO val-epoches: 73, PLCC: 0.8795, SROCC: 0.8657, KROCC: 0.6881, RMSE: 7.3845
INFO test-epoches: 73, PLCC: 0.9345, SROCC: 0.9240, KROCC: 0.7633, RMSE: 5.4013
INFO train-epoches: 74, time: 10.0672, loss: 0.8288, learning_rate: 0.000001
INFO val-epoches: 74, val_min_loss: 70.2181, val_loss: 71.3022, best_srocc: 0.9332
INFO val-epoches: 74, PLCC: 0.8837, SROCC: 0.8692, KROCC: 0.6924, RMSE: 7.0810
INFO test-epoches: 74, PLCC: 0.9336, SROCC: 0.9227, KROCC: 0.7616, RMSE: 5.6394
INFO train-epoches: 75, time: 9.8467, loss: 0.8248, learning_rate: 0.000001
INFO val-epoches: 75, val_min_loss: 70.2181, val_loss: 73.6784, best_srocc: 0.9332
INFO val-epoches: 75, PLCC: 0.8831, SROCC: 0.8694, KROCC: 0.6924, RMSE: 7.2325
INFO test-epoches: 75, PLCC: 0.9338, SROCC: 0.9234, KROCC: 0.7625, RMSE: 5.4628
INFO train-epoches: 76, time: 10.2010, loss: 0.8289, learning_rate: 0.000001
INFO val-epoches: 76, val_min_loss: 70.2181, val_loss: 70.5408, best_srocc: 0.9332
INFO val-epoches: 76, PLCC: 0.8844, SROCC: 0.8710, KROCC: 0.6947, RMSE: 7.0010
INFO test-epoches: 76, PLCC: 0.9335, SROCC: 0.9238, KROCC: 0.7630, RMSE: 5.7292
INFO train-epoches: 77, time: 10.0850, loss: 0.9590, learning_rate: 0.000001
INFO val-epoches: 77, val_min_loss: 70.2181, val_loss: 70.5767, best_srocc: 0.9332
INFO val-epoches: 77, PLCC: 0.8848, SROCC: 0.8710, KROCC: 0.6934, RMSE: 6.9816
INFO test-epoches: 77, PLCC: 0.9342, SROCC: 0.9242, KROCC: 0.7633, RMSE: 5.6871
INFO train-epoches: 78, time: 10.3201, loss: 0.9043, learning_rate: 0.000001
INFO val-epoches: 78, val_min_loss: 69.7706, val_loss: 69.7706, best_srocc: 0.9332
INFO val-epoches: 78, PLCC: 0.8832, SROCC: 0.8691, KROCC: 0.6901, RMSE: 6.9706
INFO test-epoches: 78, PLCC: 0.9348, SROCC: 0.9239, KROCC: 0.7637, RMSE: 5.7715
INFO train-epoches: 79, time: 9.8645, loss: 0.8119, learning_rate: 0.000001
INFO val-epoches: 79, val_min_loss: 69.7706, val_loss: 74.6311, best_srocc: 0.9332
INFO val-epoches: 79, PLCC: 0.8827, SROCC: 0.8694, KROCC: 0.6922, RMSE: 7.2806
INFO test-epoches: 79, PLCC: 0.9346, SROCC: 0.9229, KROCC: 0.7622, RMSE: 5.4492
INFO train-epoches: 80, time: 10.3158, loss: 0.8014, learning_rate: 0.000001
INFO val-epoches: 80, val_min_loss: 69.7706, val_loss: 77.8649, best_srocc: 0.9332
INFO val-epoches: 80, PLCC: 0.8803, SROCC: 0.8671, KROCC: 0.6890, RMSE: 7.4625
INFO test-epoches: 80, PLCC: 0.9346, SROCC: 0.9231, KROCC: 0.7613, RMSE: 5.3510
INFO train-epoches: 81, time: 9.8171, loss: 0.8266, learning_rate: 0.000000
INFO val-epoches: 81, val_min_loss: 69.7706, val_loss: 72.5812, best_srocc: 0.9332
INFO val-epoches: 81, PLCC: 0.8823, SROCC: 0.8673, KROCC: 0.6896, RMSE: 7.1845
INFO test-epoches: 81, PLCC: 0.9350, SROCC: 0.9241, KROCC: 0.7639, RMSE: 5.5044
INFO train-epoches: 82, time: 10.7903, loss: 0.8183, learning_rate: 0.000000
INFO val-epoches: 82, val_min_loss: 69.7706, val_loss: 76.0640, best_srocc: 0.9332
INFO val-epoches: 82, PLCC: 0.8803, SROCC: 0.8665, KROCC: 0.6884, RMSE: 7.3668
INFO test-epoches: 82, PLCC: 0.9356, SROCC: 0.9241, KROCC: 0.7642, RMSE: 5.3805
INFO train-epoches: 83, time: 10.4539, loss: 0.8069, learning_rate: 0.000000
INFO val-epoches: 83, val_min_loss: 69.7706, val_loss: 72.7493, best_srocc: 0.9332
INFO val-epoches: 83, PLCC: 0.8812, SROCC: 0.8673, KROCC: 0.6890, RMSE: 7.1786
INFO test-epoches: 83, PLCC: 0.9355, SROCC: 0.9250, KROCC: 0.7653, RMSE: 5.5269
INFO train-epoches: 84, time: 10.2124, loss: 0.8496, learning_rate: 0.000000
INFO val-epoches: 84, val_min_loss: 69.7706, val_loss: 72.1413, best_srocc: 0.9332
INFO val-epoches: 84, PLCC: 0.8842, SROCC: 0.8705, KROCC: 0.6934, RMSE: 7.1108
INFO test-epoches: 84, PLCC: 0.9350, SROCC: 0.9251, KROCC: 0.7654, RMSE: 5.5660
INFO train-epoches: 85, time: 10.0519, loss: 0.8462, learning_rate: 0.000000
INFO val-epoches: 85, val_min_loss: 69.7706, val_loss: 76.6324, best_srocc: 0.9332
INFO val-epoches: 85, PLCC: 0.8798, SROCC: 0.8665, KROCC: 0.6879, RMSE: 7.4417
INFO test-epoches: 85, PLCC: 0.9347, SROCC: 0.9239, KROCC: 0.7635, RMSE: 5.3685
INFO train-epoches: 86, time: 10.1570, loss: 0.8446, learning_rate: 0.000000
INFO val-epoches: 86, val_min_loss: 69.7706, val_loss: 72.5495, best_srocc: 0.9332
INFO val-epoches: 86, PLCC: 0.8837, SROCC: 0.8700, KROCC: 0.6926, RMSE: 7.1742
INFO test-epoches: 86, PLCC: 0.9343, SROCC: 0.9233, KROCC: 0.7632, RMSE: 5.5442
INFO train-epoches: 87, time: 9.9438, loss: 0.8314, learning_rate: 0.000000
INFO val-epoches: 87, val_min_loss: 69.7706, val_loss: 74.4408, best_srocc: 0.9332
INFO val-epoches: 87, PLCC: 0.8839, SROCC: 0.8710, KROCC: 0.6938, RMSE: 7.2168
INFO test-epoches: 87, PLCC: 0.9345, SROCC: 0.9237, KROCC: 0.7638, RMSE: 5.4542
INFO train-epoches: 88, time: 10.0727, loss: 0.7540, learning_rate: 0.000000
INFO val-epoches: 88, val_min_loss: 69.7706, val_loss: 73.9998, best_srocc: 0.9332
INFO val-epoches: 88, PLCC: 0.8820, SROCC: 0.8681, KROCC: 0.6896, RMSE: 7.2448
INFO test-epoches: 88, PLCC: 0.9349, SROCC: 0.9242, KROCC: 0.7630, RMSE: 5.4801
INFO train-epoches: 89, time: 9.8741, loss: 0.8970, learning_rate: 0.000000
INFO val-epoches: 89, val_min_loss: 69.7706, val_loss: 77.9154, best_srocc: 0.9332
INFO val-epoches: 89, PLCC: 0.8808, SROCC: 0.8678, KROCC: 0.6894, RMSE: 7.4448
INFO test-epoches: 89, PLCC: 0.9356, SROCC: 0.9245, KROCC: 0.7644, RMSE: 5.3233
INFO train-epoches: 90, time: 9.7798, loss: 1.0231, learning_rate: 0.000000
INFO val-epoches: 90, val_min_loss: 69.7706, val_loss: 75.3721, best_srocc: 0.9332
INFO val-epoches: 90, PLCC: 0.8810, SROCC: 0.8684, KROCC: 0.6901, RMSE: 7.3180
INFO test-epoches: 90, PLCC: 0.9357, SROCC: 0.9243, KROCC: 0.7644, RMSE: 5.4148
INFO train-epoches: 91, time: 10.1185, loss: 0.8653, learning_rate: 0.000000
INFO val-epoches: 91, val_min_loss: 69.7706, val_loss: 72.3316, best_srocc: 0.9332
INFO val-epoches: 91, PLCC: 0.8825, SROCC: 0.8682, KROCC: 0.6907, RMSE: 7.0852
INFO test-epoches: 91, PLCC: 0.9340, SROCC: 0.9237, KROCC: 0.7638, RMSE: 5.6467
INFO train-epoches: 92, time: 10.0078, loss: 0.8437, learning_rate: 0.000000
INFO val-epoches: 92, val_min_loss: 69.7706, val_loss: 72.5901, best_srocc: 0.9332
INFO val-epoches: 92, PLCC: 0.8815, SROCC: 0.8670, KROCC: 0.6903, RMSE: 7.1156
INFO test-epoches: 92, PLCC: 0.9339, SROCC: 0.9238, KROCC: 0.7638, RMSE: 5.6351
INFO train-epoches: 93, time: 10.6416, loss: 0.8189, learning_rate: 0.000000
INFO val-epoches: 93, val_min_loss: 69.7706, val_loss: 74.1783, best_srocc: 0.9332
INFO val-epoches: 93, PLCC: 0.8804, SROCC: 0.8664, KROCC: 0.6883, RMSE: 7.2406
INFO test-epoches: 93, PLCC: 0.9347, SROCC: 0.9236, KROCC: 0.7636, RMSE: 5.4861
INFO train-epoches: 94, time: 9.8056, loss: 0.8273, learning_rate: 0.000000
INFO val-epoches: 94, val_min_loss: 69.7706, val_loss: 75.0324, best_srocc: 0.9332
INFO val-epoches: 94, PLCC: 0.8829, SROCC: 0.8699, KROCC: 0.6926, RMSE: 7.2928
INFO test-epoches: 94, PLCC: 0.9346, SROCC: 0.9241, KROCC: 0.7633, RMSE: 5.4487
INFO train-epoches: 95, time: 10.0694, loss: 0.8304, learning_rate: 0.000000
INFO val-epoches: 95, val_min_loss: 69.7706, val_loss: 73.3748, best_srocc: 0.9332
INFO val-epoches: 95, PLCC: 0.8846, SROCC: 0.8713, KROCC: 0.6936, RMSE: 7.1945
INFO test-epoches: 95, PLCC: 0.9344, SROCC: 0.9236, KROCC: 0.7626, RMSE: 5.5018
INFO train-epoches: 96, time: 10.1505, loss: 0.8853, learning_rate: 0.000000
INFO val-epoches: 96, val_min_loss: 69.7706, val_loss: 74.6575, best_srocc: 0.9332
INFO val-epoches: 96, PLCC: 0.8816, SROCC: 0.8669, KROCC: 0.6879, RMSE: 7.3106
INFO test-epoches: 96, PLCC: 0.9343, SROCC: 0.9230, KROCC: 0.7625, RMSE: 5.4706
INFO train-epoches: 97, time: 10.0189, loss: 0.8675, learning_rate: 0.000000
INFO val-epoches: 97, val_min_loss: 69.7706, val_loss: 71.7522, best_srocc: 0.9332
INFO val-epoches: 97, PLCC: 0.8823, SROCC: 0.8683, KROCC: 0.6903, RMSE: 7.0918
INFO test-epoches: 97, PLCC: 0.9352, SROCC: 0.9238, KROCC: 0.7635, RMSE: 5.5687
INFO train-epoches: 98, time: 10.1793, loss: 0.8431, learning_rate: 0.000000
INFO val-epoches: 98, val_min_loss: 69.7706, val_loss: 74.5821, best_srocc: 0.9332
INFO val-epoches: 98, PLCC: 0.8814, SROCC: 0.8677, KROCC: 0.6892, RMSE: 7.2679
INFO test-epoches: 98, PLCC: 0.9353, SROCC: 0.9242, KROCC: 0.7645, RMSE: 5.4395
INFO train-epoches: 99, time: 10.4798, loss: 0.7937, learning_rate: 0.000000
INFO val-epoches: 99, val_min_loss: 69.7706, val_loss: 75.9976, best_srocc: 0.9332
INFO val-epoches: 99, PLCC: 0.8807, SROCC: 0.8671, KROCC: 0.6887, RMSE: 7.3856
INFO test-epoches: 99, PLCC: 0.9350, SROCC: 0.9236, KROCC: 0.7630, RMSE: 5.3978
INFO train-epoches: 100, time: 10.3470, loss: 0.8232, learning_rate: 0.000000
INFO val-epoches: 100, val_min_loss: 69.7706, val_loss: 72.6368, best_srocc: 0.9332
INFO val-epoches: 100, PLCC: 0.8822, SROCC: 0.8681, KROCC: 0.6907, RMSE: 7.1436
INFO test-epoches: 100, PLCC: 0.9353, SROCC: 0.9249, KROCC: 0.7654, RMSE: 5.5891
INFO train-epoches: 101, time: 10.1167, loss: 1.0050, learning_rate: 0.000000
INFO val-epoches: 101, val_min_loss: 69.7706, val_loss: 75.4782, best_srocc: 0.9332
INFO val-epoches: 101, PLCC: 0.8811, SROCC: 0.8671, KROCC: 0.6891, RMSE: 7.2810
INFO test-epoches: 101, PLCC: 0.9356, SROCC: 0.9242, KROCC: 0.7635, RMSE: 5.4195
INFO train-epoches: 102, time: 10.4657, loss: 0.8497, learning_rate: 0.000000
INFO val-epoches: 102, val_min_loss: 69.7706, val_loss: 72.8702, best_srocc: 0.9332
INFO val-epoches: 102, PLCC: 0.8816, SROCC: 0.8679, KROCC: 0.6899, RMSE: 7.1553
INFO test-epoches: 102, PLCC: 0.9356, SROCC: 0.9248, KROCC: 0.7648, RMSE: 5.5349
INFO train-epoches: 103, time: 10.1449, loss: 0.9611, learning_rate: 0.000000
INFO val-epoches: 103, val_min_loss: 69.7706, val_loss: 70.8406, best_srocc: 0.9332
INFO val-epoches: 103, PLCC: 0.8830, SROCC: 0.8688, KROCC: 0.6908, RMSE: 7.0179
INFO test-epoches: 103, PLCC: 0.9338, SROCC: 0.9239, KROCC: 0.7635, RMSE: 5.6976
INFO train-epoches: 104, time: 10.1766, loss: 0.8687, learning_rate: 0.000000
INFO val-epoches: 104, val_min_loss: 69.7706, val_loss: 73.0314, best_srocc: 0.9332
INFO val-epoches: 104, PLCC: 0.8828, SROCC: 0.8693, KROCC: 0.6910, RMSE: 7.1747
INFO test-epoches: 104, PLCC: 0.9347, SROCC: 0.9236, KROCC: 0.7631, RMSE: 5.5342
INFO train-epoches: 105, time: 10.0934, loss: 0.7979, learning_rate: 0.000000
INFO val-epoches: 105, val_min_loss: 69.7706, val_loss: 71.7616, best_srocc: 0.9332
INFO val-epoches: 105, PLCC: 0.8823, SROCC: 0.8685, KROCC: 0.6910, RMSE: 7.1014
INFO test-epoches: 105, PLCC: 0.9345, SROCC: 0.9243, KROCC: 0.7644, RMSE: 5.6169
INFO train-epoches: 106, time: 9.8907, loss: 0.8635, learning_rate: 0.000000
