INFO random seed: 0
INFO train-epoches: 1, time: 7.1596, loss: 32.2134, learning_rate: 0.010000
INFO val-epoches: 1, val_min_loss: 423.6502, val_loss: 423.6502, best_srocc: 0.0000
INFO val-epoches: 1, PLCC: 0.7755, SROCC: 0.7657, KROCC: 0.5717, RMSE: 20.1592
INFO test-epoches: 1, PLCC: 0.7944, SROCC: 0.8107, KROCC: 0.6082, RMSE: 19.0502
INFO The best srocc is: 0.8107
INFO train-epoches: 2, time: 6.6319, loss: 5.6411, learning_rate: 0.010000
INFO val-epoches: 2, val_min_loss: 301.1425, val_loss: 301.1425, best_srocc: 0.8107
INFO val-epoches: 2, PLCC: 0.8161, SROCC: 0.8176, KROCC: 0.6180, RMSE: 15.8256
INFO test-epoches: 2, PLCC: 0.8548, SROCC: 0.8626, KROCC: 0.6686, RMSE: 16.6201
INFO The best srocc is: 0.8626
INFO train-epoches: 3, time: 7.2536, loss: 4.1008, learning_rate: 0.010000
INFO val-epoches: 3, val_min_loss: 108.5496, val_loss: 108.5496, best_srocc: 0.8626
INFO val-epoches: 3, PLCC: 0.8273, SROCC: 0.8372, KROCC: 0.6374, RMSE: 8.7892
INFO test-epoches: 3, PLCC: 0.8750, SROCC: 0.8829, KROCC: 0.6952, RMSE: 7.3155
INFO The best srocc is: 0.8829
INFO train-epoches: 4, time: 7.3842, loss: 3.8440, learning_rate: 0.010000
INFO val-epoches: 4, val_min_loss: 108.5496, val_loss: 111.6788, best_srocc: 0.8829
INFO val-epoches: 4, PLCC: 0.8091, SROCC: 0.8242, KROCC: 0.6197, RMSE: 8.7151
INFO test-epoches: 4, PLCC: 0.8793, SROCC: 0.8902, KROCC: 0.7067, RMSE: 7.1693
INFO The best srocc is: 0.8902
INFO train-epoches: 5, time: 7.7875, loss: 3.2212, learning_rate: 0.010000
INFO val-epoches: 5, val_min_loss: 96.2695, val_loss: 96.2695, best_srocc: 0.8902
INFO val-epoches: 5, PLCC: 0.8381, SROCC: 0.8433, KROCC: 0.6418, RMSE: 7.8628
INFO test-epoches: 5, PLCC: 0.8935, SROCC: 0.8979, KROCC: 0.7167, RMSE: 7.5198
INFO The best srocc is: 0.8979
INFO train-epoches: 6, time: 8.0247, loss: 3.8379, learning_rate: 0.010000
INFO val-epoches: 6, val_min_loss: 96.2695, val_loss: 170.0673, best_srocc: 0.8979
INFO val-epoches: 6, PLCC: 0.8320, SROCC: 0.8419, KROCC: 0.6386, RMSE: 12.0679
INFO test-epoches: 6, PLCC: 0.9021, SROCC: 0.9031, KROCC: 0.7236, RMSE: 8.8476
INFO The best srocc is: 0.9031
INFO train-epoches: 7, time: 8.0085, loss: 3.3749, learning_rate: 0.010000
INFO val-epoches: 7, val_min_loss: 96.2695, val_loss: 157.8835, best_srocc: 0.9031
INFO val-epoches: 7, PLCC: 0.8455, SROCC: 0.8527, KROCC: 0.6572, RMSE: 10.4450
INFO test-epoches: 7, PLCC: 0.8873, SROCC: 0.8933, KROCC: 0.7110, RMSE: 13.1497
INFO train-epoches: 8, time: 8.0988, loss: 2.8924, learning_rate: 0.010000
INFO val-epoches: 8, val_min_loss: 96.2695, val_loss: 200.4372, best_srocc: 0.9031
INFO val-epoches: 8, PLCC: 0.8330, SROCC: 0.8380, KROCC: 0.6342, RMSE: 13.1394
INFO test-epoches: 8, PLCC: 0.8879, SROCC: 0.8998, KROCC: 0.7210, RMSE: 9.0226
INFO train-epoches: 9, time: 7.6995, loss: 2.6914, learning_rate: 0.010000
INFO val-epoches: 9, val_min_loss: 96.2695, val_loss: 113.5951, best_srocc: 0.9031
INFO val-epoches: 9, PLCC: 0.8510, SROCC: 0.8577, KROCC: 0.6589, RMSE: 9.0467
INFO test-epoches: 9, PLCC: 0.8926, SROCC: 0.8922, KROCC: 0.7068, RMSE: 6.5963
INFO train-epoches: 10, time: 7.4552, loss: 2.7554, learning_rate: 0.010000
INFO val-epoches: 10, val_min_loss: 96.2695, val_loss: 105.3752, best_srocc: 0.9031
INFO val-epoches: 10, PLCC: 0.8448, SROCC: 0.8480, KROCC: 0.6489, RMSE: 8.1055
INFO test-epoches: 10, PLCC: 0.9049, SROCC: 0.9044, KROCC: 0.7251, RMSE: 6.2979
INFO The best srocc is: 0.9044
INFO train-epoches: 11, time: 7.5210, loss: 2.2198, learning_rate: 0.001000
INFO val-epoches: 11, val_min_loss: 96.2695, val_loss: 104.7849, best_srocc: 0.9044
INFO val-epoches: 11, PLCC: 0.8509, SROCC: 0.8609, KROCC: 0.6631, RMSE: 8.2450
INFO test-epoches: 11, PLCC: 0.9055, SROCC: 0.9078, KROCC: 0.7295, RMSE: 6.1776
INFO The best srocc is: 0.9078
INFO train-epoches: 12, time: 7.7810, loss: 2.0337, learning_rate: 0.001000
INFO val-epoches: 12, val_min_loss: 96.2695, val_loss: 121.8239, best_srocc: 0.9078
INFO val-epoches: 12, PLCC: 0.8515, SROCC: 0.8605, KROCC: 0.6621, RMSE: 9.4513
INFO test-epoches: 12, PLCC: 0.9029, SROCC: 0.9050, KROCC: 0.7242, RMSE: 6.4676
INFO train-epoches: 13, time: 7.6616, loss: 1.9666, learning_rate: 0.001000
INFO val-epoches: 13, val_min_loss: 96.2695, val_loss: 107.8540, best_srocc: 0.9078
INFO val-epoches: 13, PLCC: 0.8505, SROCC: 0.8587, KROCC: 0.6602, RMSE: 8.5230
INFO test-epoches: 13, PLCC: 0.9033, SROCC: 0.9044, KROCC: 0.7250, RMSE: 6.2073
INFO train-epoches: 14, time: 8.3152, loss: 1.9754, learning_rate: 0.001000
INFO val-epoches: 14, val_min_loss: 96.2695, val_loss: 152.6540, best_srocc: 0.9078
INFO val-epoches: 14, PLCC: 0.8488, SROCC: 0.8551, KROCC: 0.6565, RMSE: 10.9511
INFO test-epoches: 14, PLCC: 0.9050, SROCC: 0.9049, KROCC: 0.7259, RMSE: 6.9902
INFO train-epoches: 15, time: 7.9954, loss: 2.0212, learning_rate: 0.001000
INFO val-epoches: 15, val_min_loss: 96.2695, val_loss: 110.8124, best_srocc: 0.9078
INFO val-epoches: 15, PLCC: 0.8518, SROCC: 0.8602, KROCC: 0.6617, RMSE: 8.7266
INFO test-epoches: 15, PLCC: 0.9041, SROCC: 0.9037, KROCC: 0.7249, RMSE: 6.1517
INFO train-epoches: 16, time: 8.2088, loss: 2.1968, learning_rate: 0.001000
INFO val-epoches: 16, val_min_loss: 96.2695, val_loss: 108.8489, best_srocc: 0.9078
INFO val-epoches: 16, PLCC: 0.8508, SROCC: 0.8592, KROCC: 0.6612, RMSE: 8.5526
INFO test-epoches: 16, PLCC: 0.9051, SROCC: 0.9055, KROCC: 0.7269, RMSE: 6.1289
INFO train-epoches: 17, time: 8.2725, loss: 2.0398, learning_rate: 0.001000
INFO val-epoches: 17, val_min_loss: 96.2695, val_loss: 126.5686, best_srocc: 0.9078
INFO val-epoches: 17, PLCC: 0.8469, SROCC: 0.8596, KROCC: 0.6612, RMSE: 9.6107
INFO test-epoches: 17, PLCC: 0.9027, SROCC: 0.9038, KROCC: 0.7244, RMSE: 6.2652
INFO train-epoches: 18, time: 8.2755, loss: 1.8216, learning_rate: 0.001000
INFO val-epoches: 18, val_min_loss: 96.2695, val_loss: 118.8668, best_srocc: 0.9078
INFO val-epoches: 18, PLCC: 0.8478, SROCC: 0.8597, KROCC: 0.6624, RMSE: 9.1916
INFO test-epoches: 18, PLCC: 0.9080, SROCC: 0.9086, KROCC: 0.7319, RMSE: 6.0695
INFO The best srocc is: 0.9086
INFO train-epoches: 19, time: 7.3409, loss: 2.0020, learning_rate: 0.001000
INFO val-epoches: 19, val_min_loss: 96.2695, val_loss: 111.5071, best_srocc: 0.9086
INFO val-epoches: 19, PLCC: 0.8495, SROCC: 0.8609, KROCC: 0.6643, RMSE: 8.6711
INFO test-epoches: 19, PLCC: 0.9071, SROCC: 0.9075, KROCC: 0.7312, RMSE: 6.0809
INFO train-epoches: 20, time: 7.6022, loss: 1.8358, learning_rate: 0.001000
INFO val-epoches: 20, val_min_loss: 96.2695, val_loss: 142.5614, best_srocc: 0.9086
INFO val-epoches: 20, PLCC: 0.8550, SROCC: 0.8643, KROCC: 0.6693, RMSE: 10.4492
INFO test-epoches: 20, PLCC: 0.9106, SROCC: 0.9111, KROCC: 0.7363, RMSE: 6.6742
INFO The best srocc is: 0.9111
INFO train-epoches: 21, time: 12.7422, loss: 2.2699, learning_rate: 0.000100
INFO val-epoches: 21, val_min_loss: 96.2695, val_loss: 109.0572, best_srocc: 0.9111
INFO val-epoches: 21, PLCC: 0.8548, SROCC: 0.8645, KROCC: 0.6692, RMSE: 8.5451
INFO test-epoches: 21, PLCC: 0.9008, SROCC: 0.8999, KROCC: 0.7197, RMSE: 6.2605
INFO train-epoches: 22, time: 11.9720, loss: 2.1520, learning_rate: 0.000100
INFO val-epoches: 22, val_min_loss: 96.2695, val_loss: 133.9561, best_srocc: 0.9111
INFO val-epoches: 22, PLCC: 0.8560, SROCC: 0.8633, KROCC: 0.6701, RMSE: 9.6272
INFO test-epoches: 22, PLCC: 0.9146, SROCC: 0.9157, KROCC: 0.7412, RMSE: 6.5717
INFO The best srocc is: 0.9157
INFO train-epoches: 23, time: 12.0896, loss: 1.8802, learning_rate: 0.000100
INFO val-epoches: 23, val_min_loss: 96.2695, val_loss: 115.8901, best_srocc: 0.9157
INFO val-epoches: 23, PLCC: 0.8398, SROCC: 0.8430, KROCC: 0.6418, RMSE: 8.3087
INFO test-epoches: 23, PLCC: 0.9018, SROCC: 0.9067, KROCC: 0.7345, RMSE: 6.4023
INFO train-epoches: 24, time: 11.7531, loss: 1.8451, learning_rate: 0.000100
INFO val-epoches: 24, val_min_loss: 96.2695, val_loss: 134.2158, best_srocc: 0.9157
INFO val-epoches: 24, PLCC: 0.8396, SROCC: 0.8447, KROCC: 0.6438, RMSE: 10.0594
INFO test-epoches: 24, PLCC: 0.9136, SROCC: 0.9136, KROCC: 0.7401, RMSE: 6.6324
INFO train-epoches: 25, time: 11.7321, loss: 1.8604, learning_rate: 0.000100
INFO val-epoches: 25, val_min_loss: 96.2695, val_loss: 111.5520, best_srocc: 0.9157
INFO val-epoches: 25, PLCC: 0.8446, SROCC: 0.8481, KROCC: 0.6477, RMSE: 8.4302
INFO test-epoches: 25, PLCC: 0.9222, SROCC: 0.9217, KROCC: 0.7555, RMSE: 5.5516
INFO The best srocc is: 0.9217
INFO train-epoches: 26, time: 14.6171, loss: 1.7687, learning_rate: 0.000100
INFO val-epoches: 26, val_min_loss: 96.2695, val_loss: 121.2167, best_srocc: 0.9217
INFO val-epoches: 26, PLCC: 0.8494, SROCC: 0.8512, KROCC: 0.6539, RMSE: 9.0707
INFO test-epoches: 26, PLCC: 0.9201, SROCC: 0.9232, KROCC: 0.7545, RMSE: 5.6608
INFO The best srocc is: 0.9232
INFO train-epoches: 27, time: 14.2030, loss: 1.7141, learning_rate: 0.000100
INFO val-epoches: 27, val_min_loss: 96.2695, val_loss: 126.6608, best_srocc: 0.9232
INFO val-epoches: 27, PLCC: 0.8244, SROCC: 0.8294, KROCC: 0.6276, RMSE: 9.6269
INFO test-epoches: 27, PLCC: 0.9256, SROCC: 0.9272, KROCC: 0.7631, RMSE: 5.5026
INFO The best srocc is: 0.9272
INFO train-epoches: 28, time: 14.2493, loss: 1.5869, learning_rate: 0.000100
INFO val-epoches: 28, val_min_loss: 96.2695, val_loss: 131.0879, best_srocc: 0.9272
INFO val-epoches: 28, PLCC: 0.8436, SROCC: 0.8544, KROCC: 0.6574, RMSE: 9.8770
INFO test-epoches: 28, PLCC: 0.9279, SROCC: 0.9289, KROCC: 0.7637, RMSE: 5.8698
INFO The best srocc is: 0.9289
INFO train-epoches: 29, time: 14.3400, loss: 1.4375, learning_rate: 0.000100
INFO val-epoches: 29, val_min_loss: 96.2695, val_loss: 137.0436, best_srocc: 0.9289
INFO val-epoches: 29, PLCC: 0.8246, SROCC: 0.8321, KROCC: 0.6297, RMSE: 10.0395
INFO test-epoches: 29, PLCC: 0.9274, SROCC: 0.9301, KROCC: 0.7670, RMSE: 5.5720
INFO The best srocc is: 0.9301
INFO train-epoches: 30, time: 14.2027, loss: 1.5114, learning_rate: 0.000100
INFO val-epoches: 30, val_min_loss: 96.2695, val_loss: 146.0504, best_srocc: 0.9301
INFO val-epoches: 30, PLCC: 0.8357, SROCC: 0.8427, KROCC: 0.6416, RMSE: 10.3553
INFO test-epoches: 30, PLCC: 0.9327, SROCC: 0.9311, KROCC: 0.7693, RMSE: 5.9696
INFO The best srocc is: 0.9311
INFO train-epoches: 31, time: 13.8056, loss: 1.5815, learning_rate: 0.000100
INFO val-epoches: 31, val_min_loss: 96.2695, val_loss: 134.6380, best_srocc: 0.9311
INFO val-epoches: 31, PLCC: 0.8323, SROCC: 0.8434, KROCC: 0.6435, RMSE: 9.8609
INFO test-epoches: 31, PLCC: 0.9297, SROCC: 0.9310, KROCC: 0.7673, RMSE: 5.6396
INFO train-epoches: 32, time: 13.1305, loss: 1.4460, learning_rate: 0.000100
INFO val-epoches: 32, val_min_loss: 96.2695, val_loss: 132.6280, best_srocc: 0.9311
INFO val-epoches: 32, PLCC: 0.8544, SROCC: 0.8581, KROCC: 0.6596, RMSE: 9.8671
INFO test-epoches: 32, PLCC: 0.9289, SROCC: 0.9284, KROCC: 0.7656, RMSE: 5.6367
INFO train-epoches: 33, time: 11.9712, loss: 1.4106, learning_rate: 0.000100
INFO val-epoches: 33, val_min_loss: 96.2695, val_loss: 159.6999, best_srocc: 0.9311
INFO val-epoches: 33, PLCC: 0.8502, SROCC: 0.8593, KROCC: 0.6608, RMSE: 11.2533
INFO test-epoches: 33, PLCC: 0.9324, SROCC: 0.9330, KROCC: 0.7722, RMSE: 6.4738
INFO The best srocc is: 0.9330
INFO train-epoches: 34, time: 12.2544, loss: 1.3530, learning_rate: 0.000100
INFO val-epoches: 34, val_min_loss: 96.2695, val_loss: 137.3132, best_srocc: 0.9330
INFO val-epoches: 34, PLCC: 0.8427, SROCC: 0.8467, KROCC: 0.6460, RMSE: 10.1814
INFO test-epoches: 34, PLCC: 0.9330, SROCC: 0.9346, KROCC: 0.7747, RMSE: 5.7001
INFO The best srocc is: 0.9346
INFO train-epoches: 35, time: 12.1675, loss: 1.4067, learning_rate: 0.000100
INFO val-epoches: 35, val_min_loss: 96.2695, val_loss: 123.8648, best_srocc: 0.9346
INFO val-epoches: 35, PLCC: 0.8467, SROCC: 0.8485, KROCC: 0.6497, RMSE: 9.6001
INFO test-epoches: 35, PLCC: 0.9322, SROCC: 0.9342, KROCC: 0.7751, RMSE: 5.2184
INFO train-epoches: 36, time: 13.6351, loss: 1.5066, learning_rate: 0.000100
INFO val-epoches: 36, val_min_loss: 96.2695, val_loss: 119.4909, best_srocc: 0.9346
INFO val-epoches: 36, PLCC: 0.8576, SROCC: 0.8581, KROCC: 0.6644, RMSE: 9.4501
INFO test-epoches: 36, PLCC: 0.9379, SROCC: 0.9394, KROCC: 0.7833, RMSE: 5.3181
INFO The best srocc is: 0.9394
INFO train-epoches: 37, time: 14.3507, loss: 1.3615, learning_rate: 0.000100
INFO val-epoches: 37, val_min_loss: 96.2695, val_loss: 133.4736, best_srocc: 0.9394
INFO val-epoches: 37, PLCC: 0.8506, SROCC: 0.8547, KROCC: 0.6582, RMSE: 10.0204
INFO test-epoches: 37, PLCC: 0.9401, SROCC: 0.9408, KROCC: 0.7850, RMSE: 5.4317
INFO The best srocc is: 0.9408
INFO train-epoches: 38, time: 12.6275, loss: 1.3404, learning_rate: 0.000100
INFO val-epoches: 38, val_min_loss: 96.2695, val_loss: 153.5577, best_srocc: 0.9408
INFO val-epoches: 38, PLCC: 0.8473, SROCC: 0.8538, KROCC: 0.6552, RMSE: 10.9776
INFO test-epoches: 38, PLCC: 0.9408, SROCC: 0.9397, KROCC: 0.7839, RMSE: 6.2357
INFO train-epoches: 39, time: 13.4247, loss: 1.2538, learning_rate: 0.000100
INFO val-epoches: 39, val_min_loss: 96.2695, val_loss: 108.0635, best_srocc: 0.9408
INFO val-epoches: 39, PLCC: 0.8567, SROCC: 0.8599, KROCC: 0.6629, RMSE: 8.5924
INFO test-epoches: 39, PLCC: 0.9327, SROCC: 0.9309, KROCC: 0.7704, RMSE: 5.3183
INFO train-epoches: 40, time: 12.5099, loss: 1.3274, learning_rate: 0.000100
INFO val-epoches: 40, val_min_loss: 96.2695, val_loss: 132.9830, best_srocc: 0.9408
INFO val-epoches: 40, PLCC: 0.8618, SROCC: 0.8669, KROCC: 0.6736, RMSE: 10.0988
INFO test-epoches: 40, PLCC: 0.9366, SROCC: 0.9389, KROCC: 0.7807, RMSE: 5.7889
INFO train-epoches: 41, time: 13.1166, loss: 1.2106, learning_rate: 0.000010
INFO val-epoches: 41, val_min_loss: 96.2695, val_loss: 124.2091, best_srocc: 0.9408
INFO val-epoches: 41, PLCC: 0.8689, SROCC: 0.8730, KROCC: 0.6803, RMSE: 9.5878
INFO test-epoches: 41, PLCC: 0.9381, SROCC: 0.9404, KROCC: 0.7836, RMSE: 5.4528
INFO train-epoches: 42, time: 13.5045, loss: 1.1065, learning_rate: 0.000010
INFO val-epoches: 42, val_min_loss: 96.2695, val_loss: 131.0744, best_srocc: 0.9408
INFO val-epoches: 42, PLCC: 0.8672, SROCC: 0.8718, KROCC: 0.6791, RMSE: 9.9584
INFO test-epoches: 42, PLCC: 0.9396, SROCC: 0.9410, KROCC: 0.7849, RMSE: 5.5757
INFO The best srocc is: 0.9410
INFO train-epoches: 43, time: 11.5030, loss: 1.2054, learning_rate: 0.000010
INFO val-epoches: 43, val_min_loss: 96.2695, val_loss: 131.7321, best_srocc: 0.9410
INFO val-epoches: 43, PLCC: 0.8630, SROCC: 0.8689, KROCC: 0.6753, RMSE: 9.9411
INFO test-epoches: 43, PLCC: 0.9400, SROCC: 0.9409, KROCC: 0.7844, RMSE: 5.6353
INFO train-epoches: 44, time: 12.3069, loss: 1.0931, learning_rate: 0.000010
INFO val-epoches: 44, val_min_loss: 96.2695, val_loss: 124.4587, best_srocc: 0.9410
INFO val-epoches: 44, PLCC: 0.8655, SROCC: 0.8695, KROCC: 0.6763, RMSE: 9.5583
INFO test-epoches: 44, PLCC: 0.9410, SROCC: 0.9421, KROCC: 0.7871, RMSE: 5.3956
INFO The best srocc is: 0.9421
INFO train-epoches: 45, time: 12.2235, loss: 1.1452, learning_rate: 0.000010
INFO val-epoches: 45, val_min_loss: 96.2695, val_loss: 128.2929, best_srocc: 0.9421
INFO val-epoches: 45, PLCC: 0.8666, SROCC: 0.8711, KROCC: 0.6778, RMSE: 9.8012
INFO test-epoches: 45, PLCC: 0.9397, SROCC: 0.9403, KROCC: 0.7847, RMSE: 5.4992
INFO train-epoches: 46, time: 11.6120, loss: 0.9928, learning_rate: 0.000010
INFO val-epoches: 46, val_min_loss: 96.2695, val_loss: 127.0400, best_srocc: 0.9421
INFO val-epoches: 46, PLCC: 0.8666, SROCC: 0.8703, KROCC: 0.6771, RMSE: 9.7411
INFO test-epoches: 46, PLCC: 0.9403, SROCC: 0.9406, KROCC: 0.7847, RMSE: 5.2815
INFO train-epoches: 47, time: 11.3671, loss: 1.1130, learning_rate: 0.000010
INFO val-epoches: 47, val_min_loss: 96.2695, val_loss: 125.8911, best_srocc: 0.9421
INFO val-epoches: 47, PLCC: 0.8664, SROCC: 0.8711, KROCC: 0.6779, RMSE: 9.6916
INFO test-epoches: 47, PLCC: 0.9412, SROCC: 0.9409, KROCC: 0.7867, RMSE: 5.2680
INFO train-epoches: 48, time: 11.5050, loss: 1.0522, learning_rate: 0.000010
INFO val-epoches: 48, val_min_loss: 96.2695, val_loss: 120.2195, best_srocc: 0.9421
INFO val-epoches: 48, PLCC: 0.8686, SROCC: 0.8718, KROCC: 0.6797, RMSE: 9.3461
INFO test-epoches: 48, PLCC: 0.9409, SROCC: 0.9410, KROCC: 0.7862, RMSE: 5.0335
INFO train-epoches: 49, time: 11.5176, loss: 1.0644, learning_rate: 0.000010
INFO val-epoches: 49, val_min_loss: 96.2695, val_loss: 127.4343, best_srocc: 0.9421
INFO val-epoches: 49, PLCC: 0.8688, SROCC: 0.8729, KROCC: 0.6801, RMSE: 9.7931
INFO test-epoches: 49, PLCC: 0.9410, SROCC: 0.9410, KROCC: 0.7862, RMSE: 5.4905
INFO train-epoches: 50, time: 11.4655, loss: 0.9923, learning_rate: 0.000010
INFO val-epoches: 50, val_min_loss: 96.2695, val_loss: 120.2186, best_srocc: 0.9421
INFO val-epoches: 50, PLCC: 0.8666, SROCC: 0.8714, KROCC: 0.6771, RMSE: 9.3550
INFO test-epoches: 50, PLCC: 0.9417, SROCC: 0.9423, KROCC: 0.7881, RMSE: 5.1774
INFO The best srocc is: 0.9423
INFO train-epoches: 51, time: 11.9352, loss: 1.0279, learning_rate: 0.000010
INFO val-epoches: 51, val_min_loss: 96.2695, val_loss: 127.6593, best_srocc: 0.9423
INFO val-epoches: 51, PLCC: 0.8647, SROCC: 0.8696, KROCC: 0.6743, RMSE: 9.7711
INFO test-epoches: 51, PLCC: 0.9428, SROCC: 0.9435, KROCC: 0.7898, RMSE: 5.2623
INFO The best srocc is: 0.9435
INFO train-epoches: 52, time: 12.6683, loss: 1.0126, learning_rate: 0.000010
INFO val-epoches: 52, val_min_loss: 96.2695, val_loss: 131.6693, best_srocc: 0.9435
INFO val-epoches: 52, PLCC: 0.8645, SROCC: 0.8686, KROCC: 0.6747, RMSE: 9.9678
INFO test-epoches: 52, PLCC: 0.9435, SROCC: 0.9435, KROCC: 0.7898, RMSE: 5.3960
INFO train-epoches: 53, time: 11.3250, loss: 1.0676, learning_rate: 0.000010
INFO val-epoches: 53, val_min_loss: 96.2695, val_loss: 140.9192, best_srocc: 0.9435
INFO val-epoches: 53, PLCC: 0.8636, SROCC: 0.8673, KROCC: 0.6720, RMSE: 10.4776
INFO test-epoches: 53, PLCC: 0.9429, SROCC: 0.9422, KROCC: 0.7879, RMSE: 5.7872
INFO train-epoches: 54, time: 11.5389, loss: 0.9530, learning_rate: 0.000010
INFO val-epoches: 54, val_min_loss: 96.2695, val_loss: 135.4036, best_srocc: 0.9435
INFO val-epoches: 54, PLCC: 0.8650, SROCC: 0.8687, KROCC: 0.6739, RMSE: 10.2295
INFO test-epoches: 54, PLCC: 0.9417, SROCC: 0.9415, KROCC: 0.7863, RMSE: 5.5611
INFO train-epoches: 55, time: 11.4097, loss: 1.1559, learning_rate: 0.000010
INFO val-epoches: 55, val_min_loss: 96.2695, val_loss: 117.8918, best_srocc: 0.9435
INFO val-epoches: 55, PLCC: 0.8693, SROCC: 0.8714, KROCC: 0.6785, RMSE: 9.2366
INFO test-epoches: 55, PLCC: 0.9420, SROCC: 0.9421, KROCC: 0.7887, RMSE: 5.0487
INFO train-epoches: 56, time: 11.5229, loss: 1.0709, learning_rate: 0.000010
INFO val-epoches: 56, val_min_loss: 96.2695, val_loss: 135.7926, best_srocc: 0.9435
INFO val-epoches: 56, PLCC: 0.8672, SROCC: 0.8699, KROCC: 0.6762, RMSE: 10.2645
INFO test-epoches: 56, PLCC: 0.9418, SROCC: 0.9419, KROCC: 0.7864, RMSE: 5.6289
INFO train-epoches: 57, time: 11.5436, loss: 0.9497, learning_rate: 0.000010
INFO val-epoches: 57, val_min_loss: 96.2695, val_loss: 122.0217, best_srocc: 0.9435
INFO val-epoches: 57, PLCC: 0.8670, SROCC: 0.8695, KROCC: 0.6752, RMSE: 9.4656
INFO test-epoches: 57, PLCC: 0.9442, SROCC: 0.9445, KROCC: 0.7920, RMSE: 5.1038
INFO The best srocc is: 0.9445
INFO train-epoches: 58, time: 11.5884, loss: 0.9873, learning_rate: 0.000010
INFO val-epoches: 58, val_min_loss: 96.2695, val_loss: 124.2472, best_srocc: 0.9445
INFO val-epoches: 58, PLCC: 0.8678, SROCC: 0.8703, KROCC: 0.6760, RMSE: 9.5855
INFO test-epoches: 58, PLCC: 0.9443, SROCC: 0.9444, KROCC: 0.7920, RMSE: 5.0278
INFO train-epoches: 59, time: 11.2079, loss: 1.0048, learning_rate: 0.000010
INFO val-epoches: 59, val_min_loss: 96.2695, val_loss: 129.1851, best_srocc: 0.9445
INFO val-epoches: 59, PLCC: 0.8652, SROCC: 0.8690, KROCC: 0.6742, RMSE: 9.8675
INFO test-epoches: 59, PLCC: 0.9437, SROCC: 0.9437, KROCC: 0.7913, RMSE: 5.1194
INFO train-epoches: 60, time: 11.7151, loss: 1.1345, learning_rate: 0.000010
INFO val-epoches: 60, val_min_loss: 96.2695, val_loss: 128.9048, best_srocc: 0.9445
INFO val-epoches: 60, PLCC: 0.8656, SROCC: 0.8688, KROCC: 0.6746, RMSE: 9.8755
INFO test-epoches: 60, PLCC: 0.9433, SROCC: 0.9437, KROCC: 0.7907, RMSE: 5.3108
INFO train-epoches: 61, time: 11.8575, loss: 1.0587, learning_rate: 0.000001
INFO val-epoches: 61, val_min_loss: 96.2695, val_loss: 138.6655, best_srocc: 0.9445
INFO val-epoches: 61, PLCC: 0.8650, SROCC: 0.8682, KROCC: 0.6735, RMSE: 10.3988
INFO test-epoches: 61, PLCC: 0.9430, SROCC: 0.9433, KROCC: 0.7898, RMSE: 5.5735
INFO train-epoches: 62, time: 11.5950, loss: 1.1990, learning_rate: 0.000001
INFO val-epoches: 62, val_min_loss: 96.2695, val_loss: 126.9783, best_srocc: 0.9445
INFO val-epoches: 62, PLCC: 0.8641, SROCC: 0.8673, KROCC: 0.6721, RMSE: 9.7433
INFO test-epoches: 62, PLCC: 0.9437, SROCC: 0.9440, KROCC: 0.7916, RMSE: 5.0771
INFO train-epoches: 63, time: 11.3561, loss: 0.8632, learning_rate: 0.000001
INFO val-epoches: 63, val_min_loss: 96.2695, val_loss: 126.1134, best_srocc: 0.9445
INFO val-epoches: 63, PLCC: 0.8655, SROCC: 0.8683, KROCC: 0.6748, RMSE: 9.7494
INFO test-epoches: 63, PLCC: 0.9430, SROCC: 0.9438, KROCC: 0.7906, RMSE: 5.1372
INFO train-epoches: 64, time: 11.6567, loss: 1.0160, learning_rate: 0.000001
INFO val-epoches: 64, val_min_loss: 96.2695, val_loss: 120.5442, best_srocc: 0.9445
INFO val-epoches: 64, PLCC: 0.8658, SROCC: 0.8682, KROCC: 0.6742, RMSE: 9.4128
INFO test-epoches: 64, PLCC: 0.9437, SROCC: 0.9441, KROCC: 0.7915, RMSE: 4.9161
INFO train-epoches: 65, time: 11.4627, loss: 1.0829, learning_rate: 0.000001
INFO val-epoches: 65, val_min_loss: 96.2695, val_loss: 131.6237, best_srocc: 0.9445
INFO val-epoches: 65, PLCC: 0.8636, SROCC: 0.8677, KROCC: 0.6736, RMSE: 10.0586
INFO test-epoches: 65, PLCC: 0.9431, SROCC: 0.9435, KROCC: 0.7898, RMSE: 5.2912
INFO train-epoches: 66, time: 11.5014, loss: 0.9290, learning_rate: 0.000001
INFO val-epoches: 66, val_min_loss: 96.2695, val_loss: 131.3989, best_srocc: 0.9445
INFO val-epoches: 66, PLCC: 0.8666, SROCC: 0.8702, KROCC: 0.6775, RMSE: 10.0194
INFO test-epoches: 66, PLCC: 0.9445, SROCC: 0.9453, KROCC: 0.7929, RMSE: 5.3123
INFO The best srocc is: 0.9453
INFO train-epoches: 67, time: 11.4682, loss: 0.9916, learning_rate: 0.000001
INFO val-epoches: 67, val_min_loss: 96.2695, val_loss: 125.6053, best_srocc: 0.9453
INFO val-epoches: 67, PLCC: 0.8678, SROCC: 0.8711, KROCC: 0.6776, RMSE: 9.7232
INFO test-epoches: 67, PLCC: 0.9431, SROCC: 0.9432, KROCC: 0.7895, RMSE: 5.1804
INFO train-epoches: 68, time: 11.7729, loss: 0.9934, learning_rate: 0.000001
INFO val-epoches: 68, val_min_loss: 96.2695, val_loss: 124.7618, best_srocc: 0.9453
INFO val-epoches: 68, PLCC: 0.8652, SROCC: 0.8689, KROCC: 0.6749, RMSE: 9.6570
INFO test-epoches: 68, PLCC: 0.9431, SROCC: 0.9435, KROCC: 0.7901, RMSE: 5.1104
INFO train-epoches: 69, time: 12.0089, loss: 1.0248, learning_rate: 0.000001
INFO val-epoches: 69, val_min_loss: 96.2695, val_loss: 136.7700, best_srocc: 0.9453
INFO val-epoches: 69, PLCC: 0.8659, SROCC: 0.8686, KROCC: 0.6745, RMSE: 10.2820
INFO test-epoches: 69, PLCC: 0.9442, SROCC: 0.9441, KROCC: 0.7912, RMSE: 5.4746
INFO train-epoches: 70, time: 12.5873, loss: 1.0663, learning_rate: 0.000001
INFO val-epoches: 70, val_min_loss: 96.2695, val_loss: 135.6621, best_srocc: 0.9453
INFO val-epoches: 70, PLCC: 0.8642, SROCC: 0.8678, KROCC: 0.6729, RMSE: 10.2517
INFO test-epoches: 70, PLCC: 0.9443, SROCC: 0.9449, KROCC: 0.7925, RMSE: 5.4309
INFO train-epoches: 71, time: 11.4404, loss: 0.9958, learning_rate: 0.000001
INFO val-epoches: 71, val_min_loss: 96.2695, val_loss: 129.2186, best_srocc: 0.9453
INFO val-epoches: 71, PLCC: 0.8665, SROCC: 0.8704, KROCC: 0.6764, RMSE: 9.8783
INFO test-epoches: 71, PLCC: 0.9440, SROCC: 0.9442, KROCC: 0.7918, RMSE: 5.2298
INFO train-epoches: 72, time: 11.4140, loss: 1.0229, learning_rate: 0.000001
INFO val-epoches: 72, val_min_loss: 96.2695, val_loss: 130.4679, best_srocc: 0.9453
INFO val-epoches: 72, PLCC: 0.8644, SROCC: 0.8682, KROCC: 0.6737, RMSE: 9.9676
INFO test-epoches: 72, PLCC: 0.9434, SROCC: 0.9441, KROCC: 0.7914, RMSE: 5.3076
INFO train-epoches: 73, time: 11.6899, loss: 0.9767, learning_rate: 0.000001
INFO val-epoches: 73, val_min_loss: 96.2695, val_loss: 130.5877, best_srocc: 0.9453
INFO val-epoches: 73, PLCC: 0.8679, SROCC: 0.8709, KROCC: 0.6767, RMSE: 9.9100
INFO test-epoches: 73, PLCC: 0.9439, SROCC: 0.9432, KROCC: 0.7905, RMSE: 5.2548
INFO train-epoches: 74, time: 11.4560, loss: 1.0030, learning_rate: 0.000001
INFO val-epoches: 74, val_min_loss: 96.2695, val_loss: 133.4642, best_srocc: 0.9453
INFO val-epoches: 74, PLCC: 0.8635, SROCC: 0.8670, KROCC: 0.6724, RMSE: 10.0914
INFO test-epoches: 74, PLCC: 0.9452, SROCC: 0.9447, KROCC: 0.7928, RMSE: 5.1998
INFO train-epoches: 75, time: 11.3342, loss: 1.0570, learning_rate: 0.000001
INFO val-epoches: 75, val_min_loss: 96.2695, val_loss: 131.8507, best_srocc: 0.9453
INFO val-epoches: 75, PLCC: 0.8651, SROCC: 0.8673, KROCC: 0.6730, RMSE: 10.0428
INFO test-epoches: 75, PLCC: 0.9425, SROCC: 0.9425, KROCC: 0.7884, RMSE: 5.4257
INFO train-epoches: 76, time: 11.8965, loss: 1.0168, learning_rate: 0.000001
INFO val-epoches: 76, val_min_loss: 96.2695, val_loss: 127.1975, best_srocc: 0.9453
INFO val-epoches: 76, PLCC: 0.8659, SROCC: 0.8691, KROCC: 0.6748, RMSE: 9.7801
INFO test-epoches: 76, PLCC: 0.9426, SROCC: 0.9431, KROCC: 0.7896, RMSE: 5.1936
INFO train-epoches: 77, time: 12.2901, loss: 0.9507, learning_rate: 0.000001
INFO val-epoches: 77, val_min_loss: 96.2695, val_loss: 129.7505, best_srocc: 0.9453
INFO val-epoches: 77, PLCC: 0.8652, SROCC: 0.8686, KROCC: 0.6749, RMSE: 9.9200
INFO test-epoches: 77, PLCC: 0.9442, SROCC: 0.9442, KROCC: 0.7918, RMSE: 5.1786
INFO train-epoches: 78, time: 11.9710, loss: 0.9120, learning_rate: 0.000001
INFO val-epoches: 78, val_min_loss: 96.2695, val_loss: 121.1296, best_srocc: 0.9453
INFO val-epoches: 78, PLCC: 0.8673, SROCC: 0.8714, KROCC: 0.6775, RMSE: 9.4216
INFO test-epoches: 78, PLCC: 0.9438, SROCC: 0.9437, KROCC: 0.7913, RMSE: 4.9980
INFO train-epoches: 79, time: 11.5884, loss: 1.0094, learning_rate: 0.000001
INFO val-epoches: 79, val_min_loss: 96.2695, val_loss: 129.4540, best_srocc: 0.9453
INFO val-epoches: 79, PLCC: 0.8659, SROCC: 0.8690, KROCC: 0.6752, RMSE: 9.9034
INFO test-epoches: 79, PLCC: 0.9429, SROCC: 0.9429, KROCC: 0.7894, RMSE: 5.2510
INFO train-epoches: 80, time: 11.2716, loss: 1.0511, learning_rate: 0.000001
INFO val-epoches: 80, val_min_loss: 96.2695, val_loss: 131.8436, best_srocc: 0.9453
INFO val-epoches: 80, PLCC: 0.8624, SROCC: 0.8664, KROCC: 0.6711, RMSE: 10.0132
INFO test-epoches: 80, PLCC: 0.9428, SROCC: 0.9431, KROCC: 0.7897, RMSE: 5.2208
INFO train-epoches: 81, time: 11.6255, loss: 0.9776, learning_rate: 0.000000
INFO val-epoches: 81, val_min_loss: 96.2695, val_loss: 135.2972, best_srocc: 0.9453
INFO val-epoches: 81, PLCC: 0.8646, SROCC: 0.8687, KROCC: 0.6751, RMSE: 10.1963
INFO test-epoches: 81, PLCC: 0.9441, SROCC: 0.9444, KROCC: 0.7923, RMSE: 5.3590
INFO train-epoches: 82, time: 11.9574, loss: 1.0156, learning_rate: 0.000000
INFO val-epoches: 82, val_min_loss: 96.2695, val_loss: 120.2417, best_srocc: 0.9453
INFO val-epoches: 82, PLCC: 0.8671, SROCC: 0.8706, KROCC: 0.6769, RMSE: 9.3814
INFO test-epoches: 82, PLCC: 0.9443, SROCC: 0.9446, KROCC: 0.7923, RMSE: 4.9871
INFO train-epoches: 83, time: 12.5011, loss: 1.1157, learning_rate: 0.000000
INFO val-epoches: 83, val_min_loss: 96.2695, val_loss: 135.8294, best_srocc: 0.9453
INFO val-epoches: 83, PLCC: 0.8666, SROCC: 0.8701, KROCC: 0.6760, RMSE: 10.2234
INFO test-epoches: 83, PLCC: 0.9433, SROCC: 0.9430, KROCC: 0.7900, RMSE: 5.4079
INFO train-epoches: 84, time: 12.2037, loss: 0.9505, learning_rate: 0.000000
INFO val-epoches: 84, val_min_loss: 96.2695, val_loss: 134.9187, best_srocc: 0.9453
INFO val-epoches: 84, PLCC: 0.8656, SROCC: 0.8697, KROCC: 0.6760, RMSE: 10.1696
INFO test-epoches: 84, PLCC: 0.9423, SROCC: 0.9423, KROCC: 0.7884, RMSE: 5.3676
INFO train-epoches: 85, time: 11.4861, loss: 1.0248, learning_rate: 0.000000
INFO val-epoches: 85, val_min_loss: 96.2695, val_loss: 134.4905, best_srocc: 0.9453
INFO val-epoches: 85, PLCC: 0.8627, SROCC: 0.8668, KROCC: 0.6713, RMSE: 10.1340
INFO test-epoches: 85, PLCC: 0.9430, SROCC: 0.9427, KROCC: 0.7892, RMSE: 5.3603
INFO train-epoches: 86, time: 12.2738, loss: 0.9214, learning_rate: 0.000000
INFO val-epoches: 86, val_min_loss: 96.2695, val_loss: 133.7762, best_srocc: 0.9453
INFO val-epoches: 86, PLCC: 0.8650, SROCC: 0.8683, KROCC: 0.6736, RMSE: 10.1296
INFO test-epoches: 86, PLCC: 0.9432, SROCC: 0.9436, KROCC: 0.7908, RMSE: 5.3514
INFO train-epoches: 87, time: 11.9868, loss: 0.8861, learning_rate: 0.000000
INFO val-epoches: 87, val_min_loss: 96.2695, val_loss: 128.7867, best_srocc: 0.9453
INFO val-epoches: 87, PLCC: 0.8659, SROCC: 0.8693, KROCC: 0.6750, RMSE: 9.8789
INFO test-epoches: 87, PLCC: 0.9438, SROCC: 0.9439, KROCC: 0.7917, RMSE: 5.2109
INFO train-epoches: 88, time: 12.0303, loss: 0.9757, learning_rate: 0.000000
INFO val-epoches: 88, val_min_loss: 96.2695, val_loss: 133.2793, best_srocc: 0.9453
INFO val-epoches: 88, PLCC: 0.8641, SROCC: 0.8683, KROCC: 0.6742, RMSE: 10.1109
INFO test-epoches: 88, PLCC: 0.9433, SROCC: 0.9431, KROCC: 0.7891, RMSE: 5.4235
INFO train-epoches: 89, time: 12.4808, loss: 0.9818, learning_rate: 0.000000
INFO val-epoches: 89, val_min_loss: 96.2695, val_loss: 121.3188, best_srocc: 0.9453
INFO val-epoches: 89, PLCC: 0.8647, SROCC: 0.8688, KROCC: 0.6741, RMSE: 9.4353
INFO test-epoches: 89, PLCC: 0.9440, SROCC: 0.9439, KROCC: 0.7916, RMSE: 4.9151
INFO train-epoches: 90, time: 12.8102, loss: 0.8991, learning_rate: 0.000000
INFO val-epoches: 90, val_min_loss: 96.2695, val_loss: 130.9406, best_srocc: 0.9453
INFO val-epoches: 90, PLCC: 0.8675, SROCC: 0.8709, KROCC: 0.6778, RMSE: 9.9558
INFO test-epoches: 90, PLCC: 0.9446, SROCC: 0.9444, KROCC: 0.7930, RMSE: 5.1997
INFO train-epoches: 91, time: 11.5305, loss: 0.9688, learning_rate: 0.000000
INFO val-epoches: 91, val_min_loss: 96.2695, val_loss: 139.4256, best_srocc: 0.9453
INFO val-epoches: 91, PLCC: 0.8619, SROCC: 0.8666, KROCC: 0.6720, RMSE: 10.4304
INFO test-epoches: 91, PLCC: 0.9420, SROCC: 0.9422, KROCC: 0.7876, RMSE: 5.5594
INFO train-epoches: 92, time: 12.1055, loss: 0.9885, learning_rate: 0.000000
INFO val-epoches: 92, val_min_loss: 96.2695, val_loss: 122.8711, best_srocc: 0.9453
INFO val-epoches: 92, PLCC: 0.8645, SROCC: 0.8682, KROCC: 0.6732, RMSE: 9.5469
INFO test-epoches: 92, PLCC: 0.9423, SROCC: 0.9421, KROCC: 0.7885, RMSE: 5.0007
INFO train-epoches: 93, time: 11.8660, loss: 0.9965, learning_rate: 0.000000
INFO val-epoches: 93, val_min_loss: 96.2695, val_loss: 135.3943, best_srocc: 0.9453
INFO val-epoches: 93, PLCC: 0.8651, SROCC: 0.8684, KROCC: 0.6738, RMSE: 10.2208
INFO test-epoches: 93, PLCC: 0.9431, SROCC: 0.9430, KROCC: 0.7894, RMSE: 5.5884
INFO train-epoches: 94, time: 11.3227, loss: 1.0343, learning_rate: 0.000000
INFO val-epoches: 94, val_min_loss: 96.2695, val_loss: 125.7967, best_srocc: 0.9453
INFO val-epoches: 94, PLCC: 0.8635, SROCC: 0.8665, KROCC: 0.6716, RMSE: 9.6918
INFO test-epoches: 94, PLCC: 0.9428, SROCC: 0.9429, KROCC: 0.7892, RMSE: 5.0858
INFO train-epoches: 95, time: 11.4072, loss: 0.8994, learning_rate: 0.000000
INFO val-epoches: 95, val_min_loss: 96.2695, val_loss: 133.2537, best_srocc: 0.9453
INFO val-epoches: 95, PLCC: 0.8640, SROCC: 0.8667, KROCC: 0.6716, RMSE: 10.0466
INFO test-epoches: 95, PLCC: 0.9438, SROCC: 0.9436, KROCC: 0.7915, RMSE: 5.2113
INFO train-epoches: 96, time: 11.6526, loss: 0.9929, learning_rate: 0.000000
INFO val-epoches: 96, val_min_loss: 96.2695, val_loss: 131.1968, best_srocc: 0.9453
INFO val-epoches: 96, PLCC: 0.8608, SROCC: 0.8650, KROCC: 0.6685, RMSE: 9.9884
INFO test-epoches: 96, PLCC: 0.9428, SROCC: 0.9432, KROCC: 0.7895, RMSE: 5.2977
INFO train-epoches: 97, time: 11.5161, loss: 0.8380, learning_rate: 0.000000
INFO val-epoches: 97, val_min_loss: 96.2695, val_loss: 125.5367, best_srocc: 0.9453
INFO val-epoches: 97, PLCC: 0.8637, SROCC: 0.8680, KROCC: 0.6725, RMSE: 9.6919
INFO test-epoches: 97, PLCC: 0.9423, SROCC: 0.9427, KROCC: 0.7890, RMSE: 5.1582
INFO train-epoches: 98, time: 11.3756, loss: 1.0712, learning_rate: 0.000000
INFO val-epoches: 98, val_min_loss: 96.2695, val_loss: 125.5827, best_srocc: 0.9453
INFO val-epoches: 98, PLCC: 0.8624, SROCC: 0.8667, KROCC: 0.6712, RMSE: 9.6492
INFO test-epoches: 98, PLCC: 0.9422, SROCC: 0.9426, KROCC: 0.7889, RMSE: 5.1091
INFO train-epoches: 99, time: 11.5203, loss: 1.0438, learning_rate: 0.000000
INFO val-epoches: 99, val_min_loss: 96.2695, val_loss: 131.3763, best_srocc: 0.9453
INFO val-epoches: 99, PLCC: 0.8634, SROCC: 0.8670, KROCC: 0.6731, RMSE: 9.9720
INFO test-epoches: 99, PLCC: 0.9443, SROCC: 0.9448, KROCC: 0.7926, RMSE: 5.2654
INFO train-epoches: 100, time: 11.4454, loss: 0.9673, learning_rate: 0.000000
INFO val-epoches: 100, val_min_loss: 96.2695, val_loss: 125.4024, best_srocc: 0.9453
INFO val-epoches: 100, PLCC: 0.8649, SROCC: 0.8685, KROCC: 0.6737, RMSE: 9.6266
INFO test-epoches: 100, PLCC: 0.9443, SROCC: 0.9441, KROCC: 0.7919, RMSE: 5.0596
INFO train-epoches: 101, time: 11.8302, loss: 0.9408, learning_rate: 0.000000
INFO val-epoches: 101, val_min_loss: 96.2695, val_loss: 128.8432, best_srocc: 0.9453
INFO val-epoches: 101, PLCC: 0.8651, SROCC: 0.8682, KROCC: 0.6746, RMSE: 9.8426
INFO test-epoches: 101, PLCC: 0.9435, SROCC: 0.9436, KROCC: 0.7902, RMSE: 5.2266
INFO train-epoches: 102, time: 11.4393, loss: 1.0224, learning_rate: 0.000000
INFO val-epoches: 102, val_min_loss: 96.2695, val_loss: 132.5590, best_srocc: 0.9453
INFO val-epoches: 102, PLCC: 0.8645, SROCC: 0.8676, KROCC: 0.6728, RMSE: 10.0610
INFO test-epoches: 102, PLCC: 0.9434, SROCC: 0.9431, KROCC: 0.7897, RMSE: 5.3504
INFO train-epoches: 103, time: 11.5192, loss: 1.1030, learning_rate: 0.000000
INFO val-epoches: 103, val_min_loss: 96.2695, val_loss: 130.9230, best_srocc: 0.9453
INFO val-epoches: 103, PLCC: 0.8629, SROCC: 0.8668, KROCC: 0.6721, RMSE: 9.9560
INFO test-epoches: 103, PLCC: 0.9432, SROCC: 0.9433, KROCC: 0.7897, RMSE: 5.2311
INFO train-epoches: 104, time: 11.3790, loss: 0.9581, learning_rate: 0.000000
INFO val-epoches: 104, val_min_loss: 96.2695, val_loss: 122.8732, best_srocc: 0.9453
INFO val-epoches: 104, PLCC: 0.8657, SROCC: 0.8693, KROCC: 0.6753, RMSE: 9.5362
INFO test-epoches: 104, PLCC: 0.9444, SROCC: 0.9445, KROCC: 0.7926, RMSE: 5.0236
INFO train-epoches: 105, time: 11.3435, loss: 0.9268, learning_rate: 0.000000
INFO val-epoches: 105, val_min_loss: 96.2695, val_loss: 124.3434, best_srocc: 0.9453
INFO val-epoches: 105, PLCC: 0.8636, SROCC: 0.8672, KROCC: 0.6716, RMSE: 9.6358
INFO test-epoches: 105, PLCC: 0.9434, SROCC: 0.9432, KROCC: 0.7903, RMSE: 5.0859
INFO train-epoches: 106, time: 11.1654, loss: 0.9133, learning_rate: 0.000000
INFO val-epoches: 106, val_min_loss: 96.2695, val_loss: 131.8009, best_srocc: 0.9453
INFO val-epoches: 106, PLCC: 0.8621, SROCC: 0.8656, KROCC: 0.6705, RMSE: 10.0089
INFO test-epoches: 106, PLCC: 0.9431, SROCC: 0.9431, KROCC: 0.7895, RMSE: 5.1976
INFO train-epoches: 107, time: 11.3330, loss: 0.9627, learning_rate: 0.000000
INFO val-epoches: 107, val_min_loss: 96.2695, val_loss: 137.0485, best_srocc: 0.9453
INFO val-epoches: 107, PLCC: 0.8638, SROCC: 0.8671, KROCC: 0.6726, RMSE: 10.2887
INFO test-epoches: 107, PLCC: 0.9434, SROCC: 0.9429, KROCC: 0.7895, RMSE: 5.4315
INFO train-epoches: 108, time: 11.7149, loss: 0.9352, learning_rate: 0.000000
INFO val-epoches: 108, val_min_loss: 96.2695, val_loss: 129.8645, best_srocc: 0.9453
INFO val-epoches: 108, PLCC: 0.8640, SROCC: 0.8665, KROCC: 0.6721, RMSE: 9.9034
INFO test-epoches: 108, PLCC: 0.9439, SROCC: 0.9439, KROCC: 0.7907, RMSE: 5.1875
INFO train-epoches: 109, time: 11.5113, loss: 1.0065, learning_rate: 0.000000
INFO val-epoches: 109, val_min_loss: 96.2695, val_loss: 130.5662, best_srocc: 0.9453
INFO val-epoches: 109, PLCC: 0.8635, SROCC: 0.8668, KROCC: 0.6725, RMSE: 9.9643
INFO test-epoches: 109, PLCC: 0.9438, SROCC: 0.9432, KROCC: 0.7898, RMSE: 5.1878
INFO train-epoches: 110, time: 11.3079, loss: 1.0365, learning_rate: 0.000000
INFO val-epoches: 110, val_min_loss: 96.2695, val_loss: 134.4254, best_srocc: 0.9453
INFO val-epoches: 110, PLCC: 0.8645, SROCC: 0.8666, KROCC: 0.6721, RMSE: 10.1836
INFO test-epoches: 110, PLCC: 0.9446, SROCC: 0.9443, KROCC: 0.7921, RMSE: 5.4297
INFO train-epoches: 111, time: 11.5662, loss: 0.9099, learning_rate: 0.000000
INFO val-epoches: 111, val_min_loss: 96.2695, val_loss: 130.3483, best_srocc: 0.9453
INFO val-epoches: 111, PLCC: 0.8658, SROCC: 0.8685, KROCC: 0.6742, RMSE: 9.9117
INFO test-epoches: 111, PLCC: 0.9441, SROCC: 0.9442, KROCC: 0.7924, RMSE: 5.2535
INFO train-epoches: 112, time: 11.6693, loss: 0.9722, learning_rate: 0.000000
INFO val-epoches: 112, val_min_loss: 96.2695, val_loss: 123.6148, best_srocc: 0.9453
INFO val-epoches: 112, PLCC: 0.8647, SROCC: 0.8680, KROCC: 0.6735, RMSE: 9.5850
INFO test-epoches: 112, PLCC: 0.9436, SROCC: 0.9438, KROCC: 0.7907, RMSE: 4.9972
INFO train-epoches: 113, time: 11.4332, loss: 0.9787, learning_rate: 0.000000
INFO val-epoches: 113, val_min_loss: 96.2695, val_loss: 122.9592, best_srocc: 0.9453
INFO val-epoches: 113, PLCC: 0.8655, SROCC: 0.8688, KROCC: 0.6740, RMSE: 9.5391
INFO test-epoches: 113, PLCC: 0.9440, SROCC: 0.9442, KROCC: 0.7925, RMSE: 4.9781
INFO train-epoches: 114, time: 11.5007, loss: 0.8809, learning_rate: 0.000000
INFO val-epoches: 114, val_min_loss: 96.2695, val_loss: 137.7310, best_srocc: 0.9453
INFO val-epoches: 114, PLCC: 0.8660, SROCC: 0.8682, KROCC: 0.6734, RMSE: 10.3389
INFO test-epoches: 114, PLCC: 0.9432, SROCC: 0.9428, KROCC: 0.7891, RMSE: 5.5684
INFO train-epoches: 115, time: 11.7080, loss: 1.0132, learning_rate: 0.000000
INFO val-epoches: 115, val_min_loss: 96.2695, val_loss: 130.2049, best_srocc: 0.9453
INFO val-epoches: 115, PLCC: 0.8638, SROCC: 0.8681, KROCC: 0.6736, RMSE: 9.9016
INFO test-epoches: 115, PLCC: 0.9443, SROCC: 0.9442, KROCC: 0.7928, RMSE: 5.1588
INFO train-epoches: 116, time: 11.5565, loss: 0.8975, learning_rate: 0.000000
INFO val-epoches: 116, val_min_loss: 96.2695, val_loss: 135.1871, best_srocc: 0.9453
INFO val-epoches: 116, PLCC: 0.8654, SROCC: 0.8689, KROCC: 0.6744, RMSE: 10.2021
INFO test-epoches: 116, PLCC: 0.9435, SROCC: 0.9430, KROCC: 0.7900, RMSE: 5.4380
INFO train-epoches: 117, time: 11.7556, loss: 0.9568, learning_rate: 0.000000
INFO val-epoches: 117, val_min_loss: 96.2695, val_loss: 126.0617, best_srocc: 0.9453
INFO val-epoches: 117, PLCC: 0.8671, SROCC: 0.8699, KROCC: 0.6762, RMSE: 9.7174
INFO test-epoches: 117, PLCC: 0.9438, SROCC: 0.9436, KROCC: 0.7911, RMSE: 5.1153
INFO train-epoches: 118, time: 11.4750, loss: 0.8900, learning_rate: 0.000000
INFO val-epoches: 118, val_min_loss: 96.2695, val_loss: 124.7814, best_srocc: 0.9453
INFO val-epoches: 118, PLCC: 0.8654, SROCC: 0.8688, KROCC: 0.6741, RMSE: 9.6043
INFO test-epoches: 118, PLCC: 0.9439, SROCC: 0.9441, KROCC: 0.7918, RMSE: 5.0389
INFO train-epoches: 119, time: 11.4309, loss: 0.9941, learning_rate: 0.000000
INFO val-epoches: 119, val_min_loss: 96.2695, val_loss: 130.0063, best_srocc: 0.9453
INFO val-epoches: 119, PLCC: 0.8637, SROCC: 0.8673, KROCC: 0.6736, RMSE: 9.9582
INFO test-epoches: 119, PLCC: 0.9434, SROCC: 0.9433, KROCC: 0.7894, RMSE: 5.2901
INFO train-epoches: 120, time: 11.4430, loss: 1.0942, learning_rate: 0.000000
INFO val-epoches: 120, val_min_loss: 96.2695, val_loss: 123.1204, best_srocc: 0.9453
INFO val-epoches: 120, PLCC: 0.8624, SROCC: 0.8665, KROCC: 0.6718, RMSE: 9.5301
INFO test-epoches: 120, PLCC: 0.9433, SROCC: 0.9429, KROCC: 0.7894, RMSE: 5.0158
